#
# A fatal error has been detected by the Java Runtime Environment:
#
#  EXCEPTION_ACCESS_VIOLATION (0xc0000005) at pc=0x00007ff8563a3825, pid=2852, tid=5028
#
# JRE version: OpenJDK Runtime Environment 18.9 (11.0.14.1+1) (build 11.0.14.1+1)
# Java VM: OpenJDK 64-Bit Server VM 18.9 (11.0.14.1+1, mixed mode, tiered, compressed oops, g1 gc, windows-amd64)
# Problematic frame:
# V  [jvm.dll+0x2e3825]
#
# No core dump will be written. Minidumps are not enabled by default on client versions of Windows
#
# If you would like to submit a bug report, please visit:
#   https://bugreport.java.com/bugreport/crash.jsp
#

---------------  S U M M A R Y ------------

Command Line: --add-opens=java.base/java.util=ALL-UNNAMED --add-opens=java.base/java.lang=ALL-UNNAMED --add-opens=java.base/java.lang.invoke=ALL-UNNAMED --add-opens=java.prefs/java.util.prefs=ALL-UNNAMED -XX:MaxMetaspaceSize=256m -XX:+HeapDumpOnOutOfMemoryError -Xms256m -Xmx512m -Dfile.encoding=windows-1252 -Duser.country=US -Duser.language=en -Duser.variant org.gradle.launcher.daemon.bootstrap.GradleDaemon 6.9

Host: Intel(R) Core(TM) i5-4200M CPU @ 2.50GHz, 4 cores, 7G,  Windows 10 , 64 bit Build 19041 (10.0.19041.1679)
Time: Sun May  8 17:04:44 2022 India Standard Time elapsed time: 317.394434 seconds (0d 0h 5m 17s)

---------------  T H R E A D  ---------------

Current thread (0x000001fcf748d000):  ConcurrentGCThread "G1 Conc#0" [stack: 0x00000011edd00000,0x00000011ede00000] [id=5028]

Stack: [0x00000011edd00000,0x00000011ede00000],  sp=0x00000011eddff120,  free space=1020k
Native frames: (J=compiled Java code, j=interpreted, Vv=VM code, C=native code)
V  [jvm.dll+0x2e3825]
V  [jvm.dll+0x2e3702]
V  [jvm.dll+0x2db5cd]
V  [jvm.dll+0x2db181]
V  [jvm.dll+0x2ee4be]
V  [jvm.dll+0x2eaabb]
V  [jvm.dll+0x2ec56c]
V  [jvm.dll+0x2eb4cf]
V  [jvm.dll+0x2eef36]
V  [jvm.dll+0x786ac0]
V  [jvm.dll+0x7120c4]
V  [jvm.dll+0x618886]
C  [ucrtbase.dll+0x21bb2]
C  [KERNEL32.DLL+0x17034]
C  [ntdll.dll+0x52651]


siginfo: EXCEPTION_ACCESS_VIOLATION (0xc0000005), reading address 0x0000000000000160


Register to memory mapping:

RIP=0x00007ff8563a3825 jvm.dll
RAX=0x000001fcf7479300 points into unknown readable memory: 0x0000000000000000 | 00 00 00 00 00 00 00 00
RBX=0x000001fcf748eda0 points into unknown readable memory: 0x00007ff85691f800 | 00 f8 91 56 f8 7f 00 00
RCX=0x0000000000000014 is an unknown value
RDX=0x0 is NULL
RSP=0x00000011eddff120 points into unknown readable memory: 0x01d862cee01100c3 | c3 00 11 e0 ce 62 d8 01
RBP=0x0 is NULL
RSI=0x0000000100779aa8 is pointing into metadata
RDI=0x00000000a19feca0 is an unknown value
R8 =0x00000000a19feca0 is an unknown value
R9 =0x0 is NULL
R10=0x0 is NULL
R11=0x346dc5d63886594b is an unknown value
R12=0x0 is NULL
R13=0x0 is NULL
R14=0x0000000100779ab0 is a pointer to class: 
org.gradle.api.internal.ReflectiveNamedDomainObjectFactory {0x0000000100779ab8}
R15=0x000001fcf7488ae0 points into unknown readable memory: 0x000001fcf748b800 | 00 b8 48 f7 fc 01 00 00


Registers:
RAX=0x000001fcf7479300, RBX=0x000001fcf748eda0, RCX=0x0000000000000014, RDX=0x0000000000000000
RSP=0x00000011eddff120, RBP=0x0000000000000000, RSI=0x0000000100779aa8, RDI=0x00000000a19feca0
R8 =0x00000000a19feca0, R9 =0x0000000000000000, R10=0x0000000000000000, R11=0x346dc5d63886594b
R12=0x0000000000000000, R13=0x0000000000000000, R14=0x0000000100779ab0, R15=0x000001fcf7488ae0
RIP=0x00007ff8563a3825, EFLAGS=0x0000000000010203

Top of Stack: (sp=0x00000011eddff120)
0x00000011eddff120:   01d862cee01100c3 00007ff8563a391d
0x00000011eddff130:   00000000002faf08 000000001a83c6e6
0x00000011eddff140:   00000000e7a2a2f0 000001fcf748eee0
0x00000011eddff150:   00000000a19feca0 00007ff8563a3702
0x00000011eddff160:   000001fcf748eda0 0000000100779aa8
0x00000011eddff170:   0000000100779ab0 00000011eddff318
0x00000011eddff180:   00000000e7a2a308 00007ff85639b5cd
0x00000011eddff190:   0000000000000003 00000000e7a2a304
0x00000011eddff1a0:   000000000000000a 00000000e7a2a2c0
0x00000011eddff1b0:   000001fcf748d901 000001fcf7488b30
0x00000011eddff1c0:   0000000100779838 00007ff85639b181
0x00000011eddff1d0:   0000000000000003 00000011eddff318
0x00000011eddff1e0:   00000000e7a2a2f0 0000000000000000
0x00000011eddff1f0:   000001fcf748eda0 00007ff8563ae4be
0x00000011eddff200:   00000000e7a2a2f0 00000011eddff2c0
0x00000011eddff210:   00000011eddff2c0 00007ff8566d34ac 

Instructions: (pc=0x00007ff8563a3825)
0x00007ff8563a3725:   c0 74 12 48 3b f8 72 16 48 3b bb a0 00 00 00 0f
0x00007ff8563a3735:   82 9b 00 00 00 48 3b f9 0f 83 92 00 00 00 80 3d
0x00007ff8563a3745:   e7 88 75 00 00 74 15 8b 47 08 8b 0d 43 f6 70 00
0x00007ff8563a3755:   48 d3 e0 48 03 05 31 f6 70 00 eb 04 48 8b 47 08
0x00007ff8563a3765:   81 78 08 00 00 00 c0 72 35 48 8b 83 b0 00 00 00
0x00007ff8563a3775:   48 39 83 a8 00 00 00 73 10 48 8b 83 c8 00 00 00
0x00007ff8563a3785:   48 39 83 c0 00 00 00 72 47 48 8b cb e8 7a 9e 00
0x00007ff8563a3795:   00 b0 01 48 8b 5c 24 38 48 83 c4 20 5f c3 48 8b
0x00007ff8563a37a5:   4b 30 48 8d 54 24 30 48 89 7c 24 30 e8 9a 18 00
0x00007ff8563a37b5:   00 84 c0 75 1b 48 8b cb e8 be 90 00 00 48 8b 4b
0x00007ff8563a37c5:   30 48 8d 54 24 40 48 89 7c 24 40 e8 7b 18 00 00
0x00007ff8563a37d5:   48 8b 5c 24 38 b0 01 48 83 c4 20 5f c3 cc cc cc
0x00007ff8563a37e5:   cc cc cc cc cc cc cc cc cc cc cc 48 89 6c 24 20
0x00007ff8563a37f5:   57 41 54 41 57 48 83 ec 20 48 8b 41 08 4c 8b f9
0x00007ff8563a3805:   4d 8b d0 44 8b e2 49 8b e9 49 8b f8 8b 88 c0 02
0x00007ff8563a3815:   00 00 48 8b 80 b0 02 00 00 49 d3 ea 4e 8b 14 d0
0x00007ff8563a3825:   4d 3b 82 60 01 00 00 72 11 32 c0 48 8b 6c 24 58
0x00007ff8563a3835:   48 83 c4 20 41 5f 41 5c 5f c3 49 8b 87 90 00 00
0x00007ff8563a3845:   00 48 8b d7 48 89 5c 24 40 48 89 74 24 48 be 01
0x00007ff8563a3855:   00 00 00 4c 89 74 24 50 48 2b 10 8b 48 10 48 8b
0x00007ff8563a3865:   40 18 48 c1 ea 03 48 d3 ea 48 8b ca 48 c1 e9 06
0x00007ff8563a3875:   48 8b 1c c8 4c 8d 34 c8 0f b6 ca 48 8b c3 80 e1
0x00007ff8563a3885:   3f 48 d3 e6 48 0b c6 48 3b c3 74 35 0f 1f 40 00
0x00007ff8563a3895:   66 66 66 0f 1f 84 00 00 00 00 00 4c 8b 0d 99 d6
0x00007ff8563a38a5:   70 00 4c 8b c3 49 8b d6 48 8b c8 41 ff d1 48 8b
0x00007ff8563a38b5:   c8 48 3b c3 74 30 48 8b d8 48 0b c6 48 3b c3 75
0x00007ff8563a38c5:   da 40 32 f6 4c 8b 74 24 50 40 0f b6 c6 48 8b 74
0x00007ff8563a38d5:   24 48 48 8b 5c 24 40 48 8b 6c 24 58 48 83 c4 20
0x00007ff8563a38e5:   41 5f 41 5c 5f c3 40 b6 01 48 85 ed 75 2d 40 38
0x00007ff8563a38f5:   2d 37 87 75 00 74 15 8b 57 08 8b 0d 93 f4 70 00
0x00007ff8563a3905:   48 d3 e2 48 03 15 81 f4 70 00 eb 04 48 8b 57 08
0x00007ff8563a3915:   48 8b cf e8 a3 de ea ff 48 63 e8 49 8b 87 f0 02 


Stack slot to memory mapping:
stack at sp + 0 slots: 0x01d862cee01100c3 is an unknown value
stack at sp + 1 slots: 0x00007ff8563a391d jvm.dll
stack at sp + 2 slots: 0x00000000002faf08 is an unknown value
stack at sp + 3 slots: 0x000000001a83c6e6 is an unknown value
stack at sp + 4 slots: 0x00000000e7a2a2f0 is an oop: org.gradle.api.internal.tasks.DefaultTaskDependency 
{0x00000000e7a2a2f0} - klass: 'org/gradle/api/internal/tasks/DefaultTaskDependency'
stack at sp + 5 slots: 0x000001fcf748eee0 points into unknown readable memory: 0x00007ff856964ab0 | b0 4a 96 56 f8 7f 00 00
stack at sp + 6 slots: 0x00000000a19feca0 is an unknown value
stack at sp + 7 slots: 0x00007ff8563a3702 jvm.dll


---------------  P R O C E S S  ---------------

Threads class SMR info:
_java_thread_list=0x000001fc9f1e9340, length=58, elements={
0x000001fcf7462000, 0x000001fc923fe000, 0x000001fc923ff000, 0x000001fc9240c800,
0x000001fc9240f000, 0x000001fc92410000, 0x000001fc92d65000, 0x000001fc92d68800,
0x000001fc92d6f000, 0x000001fc92ec5000, 0x000001fc93cbd800, 0x000001fc9417f000,
0x000001fc93052000, 0x000001fc9453f800, 0x000001fc92db7800, 0x000001fc92db8800,
0x000001fc930a1000, 0x000001fc92f7e000, 0x000001fc92e6e000, 0x000001fc92e6e800,
0x000001fc93ba8000, 0x000001fc93ba6000, 0x000001fc93ba4000, 0x000001fc93ba7000,
0x000001fc93ba2000, 0x000001fc93ba8800, 0x000001fc93ba3000, 0x000001fc93ba4800,
0x000001fc9536b800, 0x000001fc95368800, 0x000001fc95369000, 0x000001fc9536b000,
0x000001fc9536f000, 0x000001fc9536e000, 0x000001fc979cd800, 0x000001fc9ce12000,
0x000001fc9ce0f000, 0x000001fc9ce15800, 0x000001fc9ce13800, 0x000001fc9ce14800,
0x000001fc9ce0f800, 0x000001fc979c2000, 0x000001fc979c3000, 0x000001fc979c3800,
0x000001fc979c5800, 0x000001fc979bf800, 0x000001fc979ca000, 0x000001fc979c1800,
0x000001fc979cc000, 0x000001fc979c7000, 0x000001fc9536c800, 0x000001fc95370800,
0x000001fc9536f800, 0x000001fc95371800, 0x000001fca1860800, 0x000001fc95374800,
0x000001fc95376800, 0x000001fc95374000
}

Java Threads: ( => current thread )
  0x000001fcf7462000 JavaThread "main" [_thread_blocked, id=7976, stack(0x00000011eda00000,0x00000011edb00000)]
  0x000001fc923fe000 JavaThread "Reference Handler" daemon [_thread_blocked, id=4384, stack(0x00000011ee100000,0x00000011ee200000)]
  0x000001fc923ff000 JavaThread "Finalizer" daemon [_thread_blocked, id=13052, stack(0x00000011ee200000,0x00000011ee300000)]
  0x000001fc9240c800 JavaThread "Signal Dispatcher" daemon [_thread_blocked, id=11808, stack(0x00000011ee300000,0x00000011ee400000)]
  0x000001fc9240f000 JavaThread "Attach Listener" daemon [_thread_blocked, id=5168, stack(0x00000011ee400000,0x00000011ee500000)]
  0x000001fc92410000 JavaThread "Service Thread" daemon [_thread_blocked, id=9676, stack(0x00000011ee500000,0x00000011ee600000)]
  0x000001fc92d65000 JavaThread "C2 CompilerThread0" daemon [_thread_in_native, id=3828, stack(0x00000011ee600000,0x00000011ee700000)]
  0x000001fc92d68800 JavaThread "C1 CompilerThread0" daemon [_thread_in_native, id=10960, stack(0x00000011ee700000,0x00000011ee800000)]
  0x000001fc92d6f000 JavaThread "Sweeper thread" daemon [_thread_blocked, id=13132, stack(0x00000011ee800000,0x00000011ee900000)]
  0x000001fc92ec5000 JavaThread "Common-Cleaner" daemon [_thread_blocked, id=8740, stack(0x00000011ee900000,0x00000011eea00000)]
  0x000001fc93cbd800 JavaThread "Daemon health stats" [_thread_blocked, id=6504, stack(0x00000011eeb00000,0x00000011eec00000)]
  0x000001fc9417f000 JavaThread "Incoming local TCP Connector on port 49960" [_thread_in_native, id=6816, stack(0x00000011eef00000,0x00000011ef000000)]
  0x000001fc93052000 JavaThread "Daemon periodic checks" [_thread_blocked, id=9736, stack(0x00000011ef000000,0x00000011ef100000)]
  0x000001fc9453f800 JavaThread "Daemon" [_thread_blocked, id=13092, stack(0x00000011ef100000,0x00000011ef200000)]
  0x000001fc92db7800 JavaThread "Handler for socket connection from /127.0.0.1:49960 to /127.0.0.1:49961" [_thread_in_native, id=6248, stack(0x00000011ef200000,0x00000011ef300000)]
  0x000001fc92db8800 JavaThread "Cancel handler" [_thread_blocked, id=4784, stack(0x00000011ef300000,0x00000011ef400000)]
  0x000001fc930a1000 JavaThread "Daemon worker" [_thread_blocked, id=6436, stack(0x00000011ef400000,0x00000011ef500000)]
  0x000001fc92f7e000 JavaThread "Asynchronous log dispatcher for DefaultDaemonConnection: socket connection from /127.0.0.1:49960 to /127.0.0.1:49961" [_thread_blocked, id=7196, stack(0x00000011ef500000,0x00000011ef600000)]
  0x000001fc92e6e000 JavaThread "Stdin handler" [_thread_blocked, id=11844, stack(0x00000011ef600000,0x00000011ef700000)]
  0x000001fc92e6e800 JavaThread "Daemon client event forwarder" [_thread_blocked, id=72, stack(0x00000011ef700000,0x00000011ef800000)]
  0x000001fc93ba8000 JavaThread "Cache worker for file hash cache (C:\Users\imada\.gradle\caches\6.9\fileHashes)" [_thread_blocked, id=736, stack(0x00000011ef800000,0x00000011ef900000)]
  0x000001fc93ba6000 JavaThread "File lock request listener" [_thread_in_native, id=11896, stack(0x00000011ef900000,0x00000011efa00000)]
  0x000001fc93ba4000 JavaThread "Cache worker for journal cache (C:\Users\imada\.gradle\caches\journal-1)" [_thread_blocked, id=220, stack(0x00000011efa00000,0x00000011efb00000)]
  0x000001fc93ba7000 JavaThread "Cache worker for file hash cache (C:\Users\imada\Desktop\wiggle\wiggle-main\android\.gradle\6.9\fileHashes)" [_thread_blocked, id=1768, stack(0x00000011efb00000,0x00000011efc00000)]
  0x000001fc93ba2000 JavaThread "Cache worker for checksums cache (C:\Users\imada\Desktop\wiggle\wiggle-main\android\.gradle\checksums)" [_thread_blocked, id=5948, stack(0x00000011efc00000,0x00000011efd00000)]
  0x000001fc93ba8800 JavaThread "Cache worker for cache directory md-supplier (C:\Users\imada\.gradle\caches\6.9\md-supplier)" [_thread_blocked, id=7140, stack(0x00000011efd00000,0x00000011efe00000)]
  0x000001fc93ba3000 JavaThread "Cache worker for cache directory md-rule (C:\Users\imada\.gradle\caches\6.9\md-rule)" [_thread_blocked, id=1084, stack(0x00000011efe00000,0x00000011eff00000)]
  0x000001fc93ba4800 JavaThread "Cache worker for execution history cache (C:\Users\imada\.gradle\caches\6.9\executionHistory)" [_thread_blocked, id=3572, stack(0x00000011eff00000,0x00000011f0000000)]
  0x000001fc9536b800 JavaThread "Cache worker for file content cache (C:\Users\imada\.gradle\caches\6.9\fileContent)" [_thread_blocked, id=5632, stack(0x00000011f0100000,0x00000011f0200000)]
  0x000001fc95368800 JavaThread "Cache worker for Build Output Cleanup Cache (C:\Users\imada\Desktop\wiggle\wiggle-main\android\.gradle\buildOutputCleanup)" [_thread_blocked, id=9228, stack(0x00000011f0300000,0x00000011f0400000)]
  0x000001fc95369000 JavaThread "Build operations" [_thread_blocked, id=7816, stack(0x00000011f0200000,0x00000011f0300000)]
  0x000001fc9536b000 JavaThread "Build operations Thread 2" [_thread_blocked, id=8660, stack(0x00000011f0400000,0x00000011f0500000)]
  0x000001fc9536f000 JavaThread "Build operations Thread 3" [_thread_blocked, id=2668, stack(0x00000011f0500000,0x00000011f0600000)]
  0x000001fc9536e000 JavaThread "Build operations Thread 4" [_thread_blocked, id=10432, stack(0x00000011f0600000,0x00000011f0700000)]
  0x000001fc979cd800 JavaThread "Memory manager" [_thread_blocked, id=11360, stack(0x00000011f6c00000,0x00000011f6d00000)]
  0x000001fc9ce12000 JavaThread "pool-3-thread-1" [_thread_blocked, id=6680, stack(0x00000011f8a00000,0x00000011f8b00000)]
  0x000001fc9ce0f000 JavaThread "build event listener" [_thread_blocked, id=3844, stack(0x00000011f8b00000,0x00000011f8c00000)]
  0x000001fc9ce15800 JavaThread "Execution worker for ':'" [_thread_blocked, id=12080, stack(0x00000011f8c00000,0x00000011f8d00000)]
  0x000001fc9ce13800 JavaThread "Execution worker for ':' Thread 2" [_thread_blocked, id=10072, stack(0x00000011f8d00000,0x00000011f8e00000)]
  0x000001fc9ce14800 JavaThread "Execution worker for ':' Thread 3" [_thread_blocked, id=10148, stack(0x00000011f8e00000,0x00000011f8f00000)]
  0x000001fc9ce0f800 JavaThread "Cache worker for execution history cache (C:\Users\imada\Desktop\wiggle\wiggle-main\android\.gradle\6.9\executionHistory)" [_thread_blocked, id=12712, stack(0x00000011f8f00000,0x00000011f9000000)]
  0x000001fc979c2000 JavaThread "Cache worker for Java compile cache (C:\Users\imada\.gradle\caches\6.9\javaCompile)" [_thread_blocked, id=1592, stack(0x00000011ed700000,0x00000011ed800000)]
  0x000001fc979c3000 JavaThread "Cache worker for Java compile cache (C:\Users\imada\Desktop\wiggle\wiggle-main\android\.gradle\6.9\javaCompile)" [_thread_blocked, id=3908, stack(0x00000011f0700000,0x00000011f0800000)]
  0x000001fc979c3800 JavaThread "WorkerExecutor Queue Thread 8" [_thread_blocked, id=5136, stack(0x00000011f0000000,0x00000011f0100000)]
  0x000001fc979c5800 JavaThread "pool-4-thread-1" [_thread_blocked, id=1188, stack(0x00000011f0900000,0x00000011f0a00000)]
  0x000001fc979bf800 JavaThread "stderr" [_thread_in_native, id=9952, stack(0x00000011f0a00000,0x00000011f0b00000)]
  0x000001fc979ca000 JavaThread "stdout" [_thread_in_native, id=6108, stack(0x00000011f0b00000,0x00000011f0c00000)]
  0x000001fc979c1800 JavaThread "WorkerExecutor Queue Thread 9" [_thread_blocked, id=12292, stack(0x00000011ed900000,0x00000011eda00000)]
  0x000001fc979cc000 JavaThread "WorkerExecutor Queue Thread 10" [_thread_in_Java, id=4216, stack(0x00000011f0c00000,0x00000011f0d00000)]
  0x000001fc979c7000 JavaThread "RMI Scheduler(0)" daemon [_thread_blocked, id=1452, stack(0x00000011f0800000,0x00000011f0900000)]
  0x000001fc9536c800 JavaThread "RMI GC Daemon" daemon [_thread_blocked, id=2504, stack(0x00000011f0f00000,0x00000011f1000000)]
  0x000001fc95370800 JavaThread "RMI TCP Accept-0" daemon [_thread_in_native, id=9832, stack(0x00000011f1000000,0x00000011f1100000)]
  0x000001fc9536f800 JavaThread "RMI Reaper" [_thread_blocked, id=7828, stack(0x00000011f1100000,0x00000011f1200000)]
  0x000001fc95371800 JavaThread "RMI TCP Connection(idle)" daemon [_thread_blocked, id=11388, stack(0x00000011f1200000,0x00000011f1300000)]
  0x000001fca1860800 JavaThread "C2 CompilerThread1" daemon [_thread_in_native, id=13220, stack(0x00000011ed800000,0x00000011ed900000)]
  0x000001fc95374800 JavaThread "WorkerExecutor Queue Thread 12" [_thread_in_Java, id=3576, stack(0x00000011f1300000,0x00000011f1400000)]
  0x000001fc95376800 JavaThread "WorkerExecutor Queue Thread 13" [_thread_blocked, id=10544, stack(0x00000011f1400000,0x00000011f1500000)]
  0x000001fc95374000 JavaThread "WorkerExecutor Queue Thread 14" [_thread_blocked, id=9352, stack(0x00000011f1500000,0x00000011f1600000)]

Other Threads:
  0x000001fc923e5000 VMThread "VM Thread" [stack: 0x00000011ee000000,0x00000011ee100000] [id=9148]
  0x000001fc92ed8800 WatcherThread [stack: 0x00000011eea00000,0x00000011eeb00000] [id=1116]
  0x000001fcf747a800 GCTaskThread "GC Thread#0" [stack: 0x00000011edb00000,0x00000011edc00000] [id=9752]
  0x000001fc932d0800 GCTaskThread "GC Thread#1" [stack: 0x00000011eec00000,0x00000011eed00000] [id=10820]
  0x000001fc932a0000 GCTaskThread "GC Thread#2" [stack: 0x00000011eed00000,0x00000011eee00000] [id=9868]
  0x000001fc92f84800 GCTaskThread "GC Thread#3" [stack: 0x00000011eee00000,0x00000011eef00000] [id=9592]
  0x000001fcf748b800 ConcurrentGCThread "G1 Main Marker" [stack: 0x00000011edc00000,0x00000011edd00000] [id=8344]
=>0x000001fcf748d000 ConcurrentGCThread "G1 Conc#0" [stack: 0x00000011edd00000,0x00000011ede00000] [id=5028]
  0x000001fcf753e800 ConcurrentGCThread "G1 Refine#0" [stack: 0x00000011ede00000,0x00000011edf00000] [id=3516]
  0x000001fc96d93000 ConcurrentGCThread "G1 Refine#1" [stack: 0x00000011f8900000,0x00000011f8a00000] [id=4620]
  0x000001fc9225d000 ConcurrentGCThread "G1 Young RemSet Sampling" [stack: 0x00000011edf00000,0x00000011ee000000] [id=1224]

Threads with active compile tasks:
C2 CompilerThread0 317545 32022       4       com.android.tools.r8.graph.E::a (95 bytes)
C1 CompilerThread0 317545 32035   !   3       com.android.tools.r8.dex.r::c (2750 bytes)
C2 CompilerThread1 317545 32009       4       com.android.tools.r8.graph.g0::a (48 bytes)

VM state:not at safepoint (normal execution)

VM Mutex/Monitor currently owned by a thread: None

Heap address: 0x00000000e0000000, size: 512 MB, Compressed Oops mode: 32-bit
Narrow klass base: 0x0000000000000000, Narrow klass shift: 3
Compressed class space size: 260046848 Address: 0x0000000100000000

Heap:
 garbage-first heap   total 348160K, used 286515K [0x00000000e0000000, 0x0000000100000000)
  region size 1024K, 19 young (19456K), 2 survivors (2048K)
 Metaspace       used 146584K, capacity 152926K, committed 153288K, reserved 389120K
  class space    used 17559K, capacity 19468K, committed 19584K, reserved 253952K
Heap Regions: E=young(eden), S=young(survivor), O=old, HS=humongous(starts), HC=humongous(continues), CS=collection set, F=free, A=archive, TAMS=top-at-mark-start (previous, next)
|   0|0x00000000e0000000, 0x00000000e0100000, 0x00000000e0100000|100%| O|  |TAMS 0x00000000e0100000, 0x00000000e0100000| Untracked 
|   1|0x00000000e0100000, 0x00000000e0200000, 0x00000000e0200000|100%| O|  |TAMS 0x00000000e0200000, 0x00000000e0200000| Untracked 
|   2|0x00000000e0200000, 0x00000000e0300000, 0x00000000e0300000|100%| O|  |TAMS 0x00000000e0300000, 0x00000000e0300000| Untracked 
|   3|0x00000000e0300000, 0x00000000e0400000, 0x00000000e0400000|100%|HS|  |TAMS 0x00000000e0400000, 0x00000000e0400000| Complete 
|   4|0x00000000e0400000, 0x00000000e0500000, 0x00000000e0500000|100%|HC|  |TAMS 0x00000000e0500000, 0x00000000e0500000| Complete 
|   5|0x00000000e0500000, 0x00000000e0600000, 0x00000000e0600000|100%|HC|  |TAMS 0x00000000e0600000, 0x00000000e0600000| Complete 
|   6|0x00000000e0600000, 0x00000000e0700000, 0x00000000e0700000|100%| O|  |TAMS 0x00000000e0700000, 0x00000000e0700000| Untracked 
|   7|0x00000000e0700000, 0x00000000e0800000, 0x00000000e0800000|100%| O|  |TAMS 0x00000000e0800000, 0x00000000e0800000| Untracked 
|   8|0x00000000e0800000, 0x00000000e0900000, 0x00000000e0900000|100%| O|  |TAMS 0x00000000e0900000, 0x00000000e0900000| Untracked 
|   9|0x00000000e0900000, 0x00000000e0a00000, 0x00000000e0a00000|100%| O|  |TAMS 0x00000000e0a00000, 0x00000000e0a00000| Untracked 
|  10|0x00000000e0a00000, 0x00000000e0b00000, 0x00000000e0b00000|100%| O|  |TAMS 0x00000000e0b00000, 0x00000000e0b00000| Untracked 
|  11|0x00000000e0b00000, 0x00000000e0c00000, 0x00000000e0c00000|100%| O|  |TAMS 0x00000000e0c00000, 0x00000000e0c00000| Untracked 
|  12|0x00000000e0c00000, 0x00000000e0d00000, 0x00000000e0d00000|100%| O|  |TAMS 0x00000000e0d00000, 0x00000000e0d00000| Untracked 
|  13|0x00000000e0d00000, 0x00000000e0e00000, 0x00000000e0e00000|100%|HS|  |TAMS 0x00000000e0e00000, 0x00000000e0e00000| Complete 
|  14|0x00000000e0e00000, 0x00000000e0f00000, 0x00000000e0f00000|100%|HS|  |TAMS 0x00000000e0f00000, 0x00000000e0f00000| Complete 
|  15|0x00000000e0f00000, 0x00000000e1000000, 0x00000000e1000000|100%|HC|  |TAMS 0x00000000e1000000, 0x00000000e1000000| Complete 
|  16|0x00000000e1000000, 0x00000000e1100000, 0x00000000e1100000|100%| O|  |TAMS 0x00000000e1100000, 0x00000000e1100000| Untracked 
|  17|0x00000000e1100000, 0x00000000e1200000, 0x00000000e1200000|100%| O|  |TAMS 0x00000000e1200000, 0x00000000e1200000| Untracked 
|  18|0x00000000e1200000, 0x00000000e1300000, 0x00000000e1300000|100%| O|  |TAMS 0x00000000e1300000, 0x00000000e1300000| Untracked 
|  19|0x00000000e1300000, 0x00000000e1400000, 0x00000000e1400000|100%| O|  |TAMS 0x00000000e1400000, 0x00000000e1400000| Untracked 
|  20|0x00000000e1400000, 0x00000000e1500000, 0x00000000e1500000|100%| O|  |TAMS 0x00000000e1500000, 0x00000000e1500000| Untracked 
|  21|0x00000000e1500000, 0x00000000e1600000, 0x00000000e1600000|100%| O|  |TAMS 0x00000000e1600000, 0x00000000e1600000| Untracked 
|  22|0x00000000e1600000, 0x00000000e1700000, 0x00000000e1700000|100%| O|  |TAMS 0x00000000e1700000, 0x00000000e1700000| Untracked 
|  23|0x00000000e1700000, 0x00000000e1800000, 0x00000000e1800000|100%| O|  |TAMS 0x00000000e1800000, 0x00000000e1800000| Untracked 
|  24|0x00000000e1800000, 0x00000000e1900000, 0x00000000e1900000|100%| O|  |TAMS 0x00000000e1900000, 0x00000000e1900000| Untracked 
|  25|0x00000000e1900000, 0x00000000e1a00000, 0x00000000e1a00000|100%| O|  |TAMS 0x00000000e1a00000, 0x00000000e1a00000| Untracked 
|  26|0x00000000e1a00000, 0x00000000e1b00000, 0x00000000e1b00000|100%| O|  |TAMS 0x00000000e1b00000, 0x00000000e1b00000| Untracked 
|  27|0x00000000e1b00000, 0x00000000e1c00000, 0x00000000e1c00000|100%| O|  |TAMS 0x00000000e1c00000, 0x00000000e1c00000| Untracked 
|  28|0x00000000e1c00000, 0x00000000e1d00000, 0x00000000e1d00000|100%| O|  |TAMS 0x00000000e1d00000, 0x00000000e1d00000| Untracked 
|  29|0x00000000e1d00000, 0x00000000e1e00000, 0x00000000e1e00000|100%| O|  |TAMS 0x00000000e1e00000, 0x00000000e1e00000| Untracked 
|  30|0x00000000e1e00000, 0x00000000e1f00000, 0x00000000e1f00000|100%| O|  |TAMS 0x00000000e1e00000, 0x00000000e1f00000| Untracked 
|  31|0x00000000e1f00000, 0x00000000e2000000, 0x00000000e2000000|100%| O|  |TAMS 0x00000000e2000000, 0x00000000e2000000| Untracked 
|  32|0x00000000e2000000, 0x00000000e2100000, 0x00000000e2100000|100%| O|  |TAMS 0x00000000e2100000, 0x00000000e2100000| Untracked 
|  33|0x00000000e2100000, 0x00000000e2200000, 0x00000000e2200000|100%| O|  |TAMS 0x00000000e2200000, 0x00000000e2200000| Untracked 
|  34|0x00000000e2200000, 0x00000000e2300000, 0x00000000e2300000|100%|HS|  |TAMS 0x00000000e2300000, 0x00000000e2300000| Complete 
|  35|0x00000000e2300000, 0x00000000e2400000, 0x00000000e2400000|100%| O|  |TAMS 0x00000000e2400000, 0x00000000e2400000| Untracked 
|  36|0x00000000e2400000, 0x00000000e2500000, 0x00000000e2500000|100%| O|  |TAMS 0x00000000e2500000, 0x00000000e2500000| Untracked 
|  37|0x00000000e2500000, 0x00000000e2600000, 0x00000000e2600000|100%| O|  |TAMS 0x00000000e2600000, 0x00000000e2600000| Untracked 
|  38|0x00000000e2600000, 0x00000000e2700000, 0x00000000e2700000|100%| O|  |TAMS 0x00000000e2700000, 0x00000000e2700000| Untracked 
|  39|0x00000000e2700000, 0x00000000e2800000, 0x00000000e2800000|100%| O|  |TAMS 0x00000000e2800000, 0x00000000e2800000| Untracked 
|  40|0x00000000e2800000, 0x00000000e2900000, 0x00000000e2900000|100%| O|  |TAMS 0x00000000e2900000, 0x00000000e2900000| Untracked 
|  41|0x00000000e2900000, 0x00000000e2a00000, 0x00000000e2a00000|100%| O|  |TAMS 0x00000000e2900000, 0x00000000e2a00000| Untracked 
|  42|0x00000000e2a00000, 0x00000000e2b00000, 0x00000000e2b00000|100%| O|  |TAMS 0x00000000e2b00000, 0x00000000e2b00000| Untracked 
|  43|0x00000000e2b00000, 0x00000000e2c00000, 0x00000000e2c00000|100%| O|  |TAMS 0x00000000e2c00000, 0x00000000e2c00000| Untracked 
|  44|0x00000000e2c00000, 0x00000000e2d00000, 0x00000000e2d00000|100%| O|  |TAMS 0x00000000e2d00000, 0x00000000e2d00000| Untracked 
|  45|0x00000000e2d00000, 0x00000000e2e00000, 0x00000000e2e00000|100%| O|  |TAMS 0x00000000e2e00000, 0x00000000e2e00000| Untracked 
|  46|0x00000000e2e00000, 0x00000000e2f00000, 0x00000000e2f00000|100%| O|  |TAMS 0x00000000e2f00000, 0x00000000e2f00000| Untracked 
|  47|0x00000000e2f00000, 0x00000000e3000000, 0x00000000e3000000|100%| O|  |TAMS 0x00000000e2f00000, 0x00000000e3000000| Untracked 
|  48|0x00000000e3000000, 0x00000000e3100000, 0x00000000e3100000|100%| O|  |TAMS 0x00000000e3000000, 0x00000000e3100000| Untracked 
|  49|0x00000000e3100000, 0x00000000e3200000, 0x00000000e3200000|100%| O|  |TAMS 0x00000000e3200000, 0x00000000e3200000| Untracked 
|  50|0x00000000e3200000, 0x00000000e3300000, 0x00000000e3300000|100%| O|  |TAMS 0x00000000e3300000, 0x00000000e3300000| Untracked 
|  51|0x00000000e3300000, 0x00000000e3400000, 0x00000000e3400000|100%| O|  |TAMS 0x00000000e3400000, 0x00000000e3400000| Untracked 
|  52|0x00000000e3400000, 0x00000000e3500000, 0x00000000e3500000|100%| O|  |TAMS 0x00000000e3400000, 0x00000000e3500000| Untracked 
|  53|0x00000000e3500000, 0x00000000e3600000, 0x00000000e3600000|100%| O|  |TAMS 0x00000000e3600000, 0x00000000e3600000| Untracked 
|  54|0x00000000e3600000, 0x00000000e3700000, 0x00000000e3700000|100%| O|  |TAMS 0x00000000e3700000, 0x00000000e3700000| Untracked 
|  55|0x00000000e3700000, 0x00000000e3800000, 0x00000000e3800000|100%|HS|  |TAMS 0x00000000e3800000, 0x00000000e3800000| Complete 
|  56|0x00000000e3800000, 0x00000000e3900000, 0x00000000e3900000|100%|HC|  |TAMS 0x00000000e3900000, 0x00000000e3900000| Complete 
|  57|0x00000000e3900000, 0x00000000e3a00000, 0x00000000e3a00000|100%|HS|  |TAMS 0x00000000e3a00000, 0x00000000e3a00000| Complete 
|  58|0x00000000e3a00000, 0x00000000e3b00000, 0x00000000e3b00000|100%|HC|  |TAMS 0x00000000e3b00000, 0x00000000e3b00000| Complete 
|  59|0x00000000e3b00000, 0x00000000e3c00000, 0x00000000e3c00000|100%| O|  |TAMS 0x00000000e3c00000, 0x00000000e3c00000| Untracked 
|  60|0x00000000e3c00000, 0x00000000e3d00000, 0x00000000e3d00000|100%| O|  |TAMS 0x00000000e3c00000, 0x00000000e3d00000| Untracked 
|  61|0x00000000e3d00000, 0x00000000e3e00000, 0x00000000e3e00000|100%| O|  |TAMS 0x00000000e3e00000, 0x00000000e3e00000| Untracked 
|  62|0x00000000e3e00000, 0x00000000e3f00000, 0x00000000e3f00000|100%| O|  |TAMS 0x00000000e3f00000, 0x00000000e3f00000| Untracked 
|  63|0x00000000e3f00000, 0x00000000e4000000, 0x00000000e4000000|100%| O|  |TAMS 0x00000000e3f00000, 0x00000000e4000000| Untracked 
|  64|0x00000000e4000000, 0x00000000e4100000, 0x00000000e4100000|100%| O|  |TAMS 0x00000000e4100000, 0x00000000e4100000| Untracked 
|  65|0x00000000e4100000, 0x00000000e4200000, 0x00000000e4200000|100%| O|  |TAMS 0x00000000e4200000, 0x00000000e4200000| Untracked 
|  66|0x00000000e4200000, 0x00000000e4300000, 0x00000000e4300000|100%| O|  |TAMS 0x00000000e4300000, 0x00000000e4300000| Untracked 
|  67|0x00000000e4300000, 0x00000000e4400000, 0x00000000e4400000|100%| O|  |TAMS 0x00000000e4400000, 0x00000000e4400000| Untracked 
|  68|0x00000000e4400000, 0x00000000e4500000, 0x00000000e4500000|100%| O|  |TAMS 0x00000000e4500000, 0x00000000e4500000| Untracked 
|  69|0x00000000e4500000, 0x00000000e4600000, 0x00000000e4600000|100%| O|  |TAMS 0x00000000e4600000, 0x00000000e4600000| Untracked 
|  70|0x00000000e4600000, 0x00000000e4700000, 0x00000000e4700000|100%| O|  |TAMS 0x00000000e4700000, 0x00000000e4700000| Untracked 
|  71|0x00000000e4700000, 0x00000000e4800000, 0x00000000e4800000|100%| O|  |TAMS 0x00000000e4800000, 0x00000000e4800000| Untracked 
|  72|0x00000000e4800000, 0x00000000e4900000, 0x00000000e4900000|100%| O|  |TAMS 0x00000000e4900000, 0x00000000e4900000| Untracked 
|  73|0x00000000e4900000, 0x00000000e4a00000, 0x00000000e4a00000|100%|HS|  |TAMS 0x00000000e4900000, 0x00000000e4a00000| Complete 
|  74|0x00000000e4a00000, 0x00000000e4b00000, 0x00000000e4b00000|100%| O|  |TAMS 0x00000000e4b00000, 0x00000000e4b00000| Untracked 
|  75|0x00000000e4b00000, 0x00000000e4c00000, 0x00000000e4c00000|100%|HS|  |TAMS 0x00000000e4c00000, 0x00000000e4c00000| Complete 
|  76|0x00000000e4c00000, 0x00000000e4d00000, 0x00000000e4d00000|100%|HC|  |TAMS 0x00000000e4d00000, 0x00000000e4d00000| Complete 
|  77|0x00000000e4d00000, 0x00000000e4e00000, 0x00000000e4e00000|100%|HC|  |TAMS 0x00000000e4e00000, 0x00000000e4e00000| Complete 
|  78|0x00000000e4e00000, 0x00000000e4f00000, 0x00000000e4f00000|100%| O|  |TAMS 0x00000000e4f00000, 0x00000000e4f00000| Untracked 
|  79|0x00000000e4f00000, 0x00000000e5000000, 0x00000000e5000000|100%| O|  |TAMS 0x00000000e5000000, 0x00000000e5000000| Untracked 
|  80|0x00000000e5000000, 0x00000000e5100000, 0x00000000e5100000|100%| O|  |TAMS 0x00000000e5100000, 0x00000000e5100000| Untracked 
|  81|0x00000000e5100000, 0x00000000e5200000, 0x00000000e5200000|100%| O|  |TAMS 0x00000000e5200000, 0x00000000e5200000| Untracked 
|  82|0x00000000e5200000, 0x00000000e5300000, 0x00000000e5300000|100%| O|  |TAMS 0x00000000e5300000, 0x00000000e5300000| Untracked 
|  83|0x00000000e5300000, 0x00000000e5400000, 0x00000000e5400000|100%| O|  |TAMS 0x00000000e5400000, 0x00000000e5400000| Untracked 
|  84|0x00000000e5400000, 0x00000000e5500000, 0x00000000e5500000|100%| O|  |TAMS 0x00000000e5500000, 0x00000000e5500000| Untracked 
|  85|0x00000000e5500000, 0x00000000e5600000, 0x00000000e5600000|100%| O|  |TAMS 0x00000000e5600000, 0x00000000e5600000| Untracked 
|  86|0x00000000e5600000, 0x00000000e5700000, 0x00000000e5700000|100%| O|  |TAMS 0x00000000e5700000, 0x00000000e5700000| Untracked 
|  87|0x00000000e5700000, 0x00000000e5800000, 0x00000000e5800000|100%| O|  |TAMS 0x00000000e5800000, 0x00000000e5800000| Untracked 
|  88|0x00000000e5800000, 0x00000000e5900000, 0x00000000e5900000|100%| O|  |TAMS 0x00000000e5900000, 0x00000000e5900000| Untracked 
|  89|0x00000000e5900000, 0x00000000e5a00000, 0x00000000e5a00000|100%| O|  |TAMS 0x00000000e5a00000, 0x00000000e5a00000| Untracked 
|  90|0x00000000e5a00000, 0x00000000e5b00000, 0x00000000e5b00000|100%| O|  |TAMS 0x00000000e5b00000, 0x00000000e5b00000| Untracked 
|  91|0x00000000e5b00000, 0x00000000e5c00000, 0x00000000e5c00000|100%| O|  |TAMS 0x00000000e5c00000, 0x00000000e5c00000| Untracked 
|  92|0x00000000e5c00000, 0x00000000e5d00000, 0x00000000e5d00000|100%| O|  |TAMS 0x00000000e5d00000, 0x00000000e5d00000| Untracked 
|  93|0x00000000e5d00000, 0x00000000e5e00000, 0x00000000e5e00000|100%| O|  |TAMS 0x00000000e5e00000, 0x00000000e5e00000| Untracked 
|  94|0x00000000e5e00000, 0x00000000e5f00000, 0x00000000e5f00000|100%| O|  |TAMS 0x00000000e5f00000, 0x00000000e5f00000| Untracked 
|  95|0x00000000e5f00000, 0x00000000e6000000, 0x00000000e6000000|100%| O|  |TAMS 0x00000000e6000000, 0x00000000e6000000| Untracked 
|  96|0x00000000e6000000, 0x00000000e6100000, 0x00000000e6100000|100%| O|  |TAMS 0x00000000e6100000, 0x00000000e6100000| Untracked 
|  97|0x00000000e6100000, 0x00000000e6200000, 0x00000000e6200000|100%| O|  |TAMS 0x00000000e6200000, 0x00000000e6200000| Untracked 
|  98|0x00000000e6200000, 0x00000000e6300000, 0x00000000e6300000|100%| O|  |TAMS 0x00000000e6300000, 0x00000000e6300000| Untracked 
|  99|0x00000000e6300000, 0x00000000e6400000, 0x00000000e6400000|100%| O|  |TAMS 0x00000000e6400000, 0x00000000e6400000| Untracked 
| 100|0x00000000e6400000, 0x00000000e6500000, 0x00000000e6500000|100%| O|  |TAMS 0x00000000e6500000, 0x00000000e6500000| Untracked 
| 101|0x00000000e6500000, 0x00000000e6600000, 0x00000000e6600000|100%| O|  |TAMS 0x00000000e6600000, 0x00000000e6600000| Untracked 
| 102|0x00000000e6600000, 0x00000000e6700000, 0x00000000e6700000|100%| O|  |TAMS 0x00000000e6700000, 0x00000000e6700000| Untracked 
| 103|0x00000000e6700000, 0x00000000e6800000, 0x00000000e6800000|100%| O|  |TAMS 0x00000000e6800000, 0x00000000e6800000| Untracked 
| 104|0x00000000e6800000, 0x00000000e6900000, 0x00000000e6900000|100%| O|  |TAMS 0x00000000e6900000, 0x00000000e6900000| Untracked 
| 105|0x00000000e6900000, 0x00000000e6a00000, 0x00000000e6a00000|100%| O|  |TAMS 0x00000000e6a00000, 0x00000000e6a00000| Untracked 
| 106|0x00000000e6a00000, 0x00000000e6b00000, 0x00000000e6b00000|100%| O|  |TAMS 0x00000000e6b00000, 0x00000000e6b00000| Untracked 
| 107|0x00000000e6b00000, 0x00000000e6c00000, 0x00000000e6c00000|100%| O|  |TAMS 0x00000000e6c00000, 0x00000000e6c00000| Untracked 
| 108|0x00000000e6c00000, 0x00000000e6d00000, 0x00000000e6d00000|100%| O|  |TAMS 0x00000000e6d00000, 0x00000000e6d00000| Untracked 
| 109|0x00000000e6d00000, 0x00000000e6e00000, 0x00000000e6e00000|100%| O|  |TAMS 0x00000000e6e00000, 0x00000000e6e00000| Untracked 
| 110|0x00000000e6e00000, 0x00000000e6f00000, 0x00000000e6f00000|100%| O|  |TAMS 0x00000000e6f00000, 0x00000000e6f00000| Untracked 
| 111|0x00000000e6f00000, 0x00000000e7000000, 0x00000000e7000000|100%| O|  |TAMS 0x00000000e7000000, 0x00000000e7000000| Untracked 
| 112|0x00000000e7000000, 0x00000000e7100000, 0x00000000e7100000|100%| O|  |TAMS 0x00000000e7100000, 0x00000000e7100000| Untracked 
| 113|0x00000000e7100000, 0x00000000e7200000, 0x00000000e7200000|100%| O|  |TAMS 0x00000000e7200000, 0x00000000e7200000| Untracked 
| 114|0x00000000e7200000, 0x00000000e7300000, 0x00000000e7300000|100%| O|  |TAMS 0x00000000e7300000, 0x00000000e7300000| Untracked 
| 115|0x00000000e7300000, 0x00000000e7400000, 0x00000000e7400000|100%| O|  |TAMS 0x00000000e7400000, 0x00000000e7400000| Untracked 
| 116|0x00000000e7400000, 0x00000000e7500000, 0x00000000e7500000|100%| O|  |TAMS 0x00000000e7500000, 0x00000000e7500000| Untracked 
| 117|0x00000000e7500000, 0x00000000e7600000, 0x00000000e7600000|100%| O|  |TAMS 0x00000000e7600000, 0x00000000e7600000| Untracked 
| 118|0x00000000e7600000, 0x00000000e7700000, 0x00000000e7700000|100%| O|  |TAMS 0x00000000e7700000, 0x00000000e7700000| Untracked 
| 119|0x00000000e7700000, 0x00000000e7800000, 0x00000000e7800000|100%| O|  |TAMS 0x00000000e7800000, 0x00000000e7800000| Untracked 
| 120|0x00000000e7800000, 0x00000000e7900000, 0x00000000e7900000|100%| O|  |TAMS 0x00000000e7900000, 0x00000000e7900000| Untracked 
| 121|0x00000000e7900000, 0x00000000e7a00000, 0x00000000e7a00000|100%| O|  |TAMS 0x00000000e7a00000, 0x00000000e7a00000| Untracked 
| 122|0x00000000e7a00000, 0x00000000e7b00000, 0x00000000e7b00000|100%| O|  |TAMS 0x00000000e7b00000, 0x00000000e7b00000| Untracked 
| 123|0x00000000e7b00000, 0x00000000e7c00000, 0x00000000e7c00000|100%| O|  |TAMS 0x00000000e7c00000, 0x00000000e7c00000| Untracked 
| 124|0x00000000e7c00000, 0x00000000e7d00000, 0x00000000e7d00000|100%| O|  |TAMS 0x00000000e7d00000, 0x00000000e7d00000| Untracked 
| 125|0x00000000e7d00000, 0x00000000e7e00000, 0x00000000e7e00000|100%| O|  |TAMS 0x00000000e7e00000, 0x00000000e7e00000| Untracked 
| 126|0x00000000e7e00000, 0x00000000e7f00000, 0x00000000e7f00000|100%| O|  |TAMS 0x00000000e7f00000, 0x00000000e7f00000| Untracked 
| 127|0x00000000e7f00000, 0x00000000e8000000, 0x00000000e8000000|100%| O|  |TAMS 0x00000000e8000000, 0x00000000e8000000| Untracked 
| 128|0x00000000e8000000, 0x00000000e8100000, 0x00000000e8100000|100%| O|  |TAMS 0x00000000e8100000, 0x00000000e8100000| Untracked 
| 129|0x00000000e8100000, 0x00000000e8200000, 0x00000000e8200000|100%| O|  |TAMS 0x00000000e8200000, 0x00000000e8200000| Untracked 
| 130|0x00000000e8200000, 0x00000000e8300000, 0x00000000e8300000|100%| O|  |TAMS 0x00000000e8300000, 0x00000000e8300000| Untracked 
| 131|0x00000000e8300000, 0x00000000e8400000, 0x00000000e8400000|100%| O|  |TAMS 0x00000000e8400000, 0x00000000e8400000| Untracked 
| 132|0x00000000e8400000, 0x00000000e8500000, 0x00000000e8500000|100%| O|  |TAMS 0x00000000e8500000, 0x00000000e8500000| Untracked 
| 133|0x00000000e8500000, 0x00000000e8600000, 0x00000000e8600000|100%| O|  |TAMS 0x00000000e8500000, 0x00000000e8600000| Untracked 
| 134|0x00000000e8600000, 0x00000000e8700000, 0x00000000e8700000|100%| O|  |TAMS 0x00000000e8700000, 0x00000000e8700000| Untracked 
| 135|0x00000000e8700000, 0x00000000e8800000, 0x00000000e8800000|100%| O|  |TAMS 0x00000000e8800000, 0x00000000e8800000| Untracked 
| 136|0x00000000e8800000, 0x00000000e8900000, 0x00000000e8900000|100%| O|  |TAMS 0x00000000e8900000, 0x00000000e8900000| Untracked 
| 137|0x00000000e8900000, 0x00000000e8a00000, 0x00000000e8a00000|100%| O|  |TAMS 0x00000000e8a00000, 0x00000000e8a00000| Untracked 
| 138|0x00000000e8a00000, 0x00000000e8b00000, 0x00000000e8b00000|100%| O|  |TAMS 0x00000000e8b00000, 0x00000000e8b00000| Untracked 
| 139|0x00000000e8b00000, 0x00000000e8c00000, 0x00000000e8c00000|100%| O|  |TAMS 0x00000000e8c00000, 0x00000000e8c00000| Untracked 
| 140|0x00000000e8c00000, 0x00000000e8d00000, 0x00000000e8d00000|100%| O|  |TAMS 0x00000000e8d00000, 0x00000000e8d00000| Untracked 
| 141|0x00000000e8d00000, 0x00000000e8e00000, 0x00000000e8e00000|100%| O|  |TAMS 0x00000000e8e00000, 0x00000000e8e00000| Untracked 
| 142|0x00000000e8e00000, 0x00000000e8f00000, 0x00000000e8f00000|100%| O|  |TAMS 0x00000000e8f00000, 0x00000000e8f00000| Untracked 
| 143|0x00000000e8f00000, 0x00000000e9000000, 0x00000000e9000000|100%| O|  |TAMS 0x00000000e9000000, 0x00000000e9000000| Untracked 
| 144|0x00000000e9000000, 0x00000000e9100000, 0x00000000e9100000|100%| O|  |TAMS 0x00000000e9100000, 0x00000000e9100000| Untracked 
| 145|0x00000000e9100000, 0x00000000e9200000, 0x00000000e9200000|100%| O|  |TAMS 0x00000000e9100000, 0x00000000e9200000| Untracked 
| 146|0x00000000e9200000, 0x00000000e9300000, 0x00000000e9300000|100%| O|  |TAMS 0x00000000e9300000, 0x00000000e9300000| Untracked 
| 147|0x00000000e9300000, 0x00000000e9400000, 0x00000000e9400000|100%| O|  |TAMS 0x00000000e9400000, 0x00000000e9400000| Untracked 
| 148|0x00000000e9400000, 0x00000000e9500000, 0x00000000e9500000|100%| O|  |TAMS 0x00000000e9500000, 0x00000000e9500000| Untracked 
| 149|0x00000000e9500000, 0x00000000e9600000, 0x00000000e9600000|100%| O|  |TAMS 0x00000000e9600000, 0x00000000e9600000| Untracked 
| 150|0x00000000e9600000, 0x00000000e9700000, 0x00000000e9700000|100%| O|  |TAMS 0x00000000e9700000, 0x00000000e9700000| Untracked 
| 151|0x00000000e9700000, 0x00000000e9800000, 0x00000000e9800000|100%| O|  |TAMS 0x00000000e9700000, 0x00000000e9800000| Untracked 
| 152|0x00000000e9800000, 0x00000000e9900000, 0x00000000e9900000|100%| O|  |TAMS 0x00000000e9800000, 0x00000000e9900000| Untracked 
| 153|0x00000000e9900000, 0x00000000e9a00000, 0x00000000e9a00000|100%| O|  |TAMS 0x00000000e9a00000, 0x00000000e9a00000| Untracked 
| 154|0x00000000e9a00000, 0x00000000e9b00000, 0x00000000e9b00000|100%| O|  |TAMS 0x00000000e9a00000, 0x00000000e9b00000| Untracked 
| 155|0x00000000e9b00000, 0x00000000e9c00000, 0x00000000e9c00000|100%| O|  |TAMS 0x00000000e9c00000, 0x00000000e9c00000| Untracked 
| 156|0x00000000e9c00000, 0x00000000e9d00000, 0x00000000e9d00000|100%| O|  |TAMS 0x00000000e9d00000, 0x00000000e9d00000| Untracked 
| 157|0x00000000e9d00000, 0x00000000e9e00000, 0x00000000e9e00000|100%| O|  |TAMS 0x00000000e9e00000, 0x00000000e9e00000| Untracked 
| 158|0x00000000e9e00000, 0x00000000e9f00000, 0x00000000e9f00000|100%| O|  |TAMS 0x00000000e9f00000, 0x00000000e9f00000| Untracked 
| 159|0x00000000e9f00000, 0x00000000ea000000, 0x00000000ea000000|100%| O|  |TAMS 0x00000000ea000000, 0x00000000ea000000| Untracked 
| 160|0x00000000ea000000, 0x00000000ea100000, 0x00000000ea100000|100%| O|  |TAMS 0x00000000ea100000, 0x00000000ea100000| Untracked 
| 161|0x00000000ea100000, 0x00000000ea200000, 0x00000000ea200000|100%| O|  |TAMS 0x00000000ea200000, 0x00000000ea200000| Untracked 
| 162|0x00000000ea200000, 0x00000000ea300000, 0x00000000ea300000|100%| O|  |TAMS 0x00000000ea300000, 0x00000000ea300000| Untracked 
| 163|0x00000000ea300000, 0x00000000ea400000, 0x00000000ea400000|100%| O|  |TAMS 0x00000000ea400000, 0x00000000ea400000| Untracked 
| 164|0x00000000ea400000, 0x00000000ea500000, 0x00000000ea500000|100%| O|  |TAMS 0x00000000ea500000, 0x00000000ea500000| Untracked 
| 165|0x00000000ea500000, 0x00000000ea600000, 0x00000000ea600000|100%| O|  |TAMS 0x00000000ea500000, 0x00000000ea600000| Untracked 
| 166|0x00000000ea600000, 0x00000000ea700000, 0x00000000ea700000|100%| O|  |TAMS 0x00000000ea700000, 0x00000000ea700000| Untracked 
| 167|0x00000000ea700000, 0x00000000ea800000, 0x00000000ea800000|100%| O|  |TAMS 0x00000000ea800000, 0x00000000ea800000| Untracked 
| 168|0x00000000ea800000, 0x00000000ea900000, 0x00000000ea900000|100%| O|  |TAMS 0x00000000ea900000, 0x00000000ea900000| Untracked 
| 169|0x00000000ea900000, 0x00000000eaa00000, 0x00000000eaa00000|100%| O|  |TAMS 0x00000000eaa00000, 0x00000000eaa00000| Untracked 
| 170|0x00000000eaa00000, 0x00000000eab00000, 0x00000000eab00000|100%| O|  |TAMS 0x00000000eab00000, 0x00000000eab00000| Untracked 
| 171|0x00000000eab00000, 0x00000000eac00000, 0x00000000eac00000|100%| O|  |TAMS 0x00000000eac00000, 0x00000000eac00000| Untracked 
| 172|0x00000000eac00000, 0x00000000ead00000, 0x00000000ead00000|100%| O|  |TAMS 0x00000000eac00000, 0x00000000ead00000| Untracked 
| 173|0x00000000ead00000, 0x00000000eae00000, 0x00000000eae00000|100%| O|  |TAMS 0x00000000eae00000, 0x00000000eae00000| Untracked 
| 174|0x00000000eae00000, 0x00000000eaf00000, 0x00000000eaf00000|100%| O|  |TAMS 0x00000000eaf00000, 0x00000000eaf00000| Untracked 
| 175|0x00000000eaf00000, 0x00000000eb000000, 0x00000000eb000000|100%| O|  |TAMS 0x00000000eb000000, 0x00000000eb000000| Untracked 
| 176|0x00000000eb000000, 0x00000000eb100000, 0x00000000eb100000|100%| O|  |TAMS 0x00000000eb100000, 0x00000000eb100000| Untracked 
| 177|0x00000000eb100000, 0x00000000eb200000, 0x00000000eb200000|100%|HS|  |TAMS 0x00000000eb100000, 0x00000000eb200000| Complete 
| 178|0x00000000eb200000, 0x00000000eb300000, 0x00000000eb300000|100%| O|  |TAMS 0x00000000eb200000, 0x00000000eb300000| Untracked 
| 179|0x00000000eb300000, 0x00000000eb400000, 0x00000000eb400000|100%| O|  |TAMS 0x00000000eb400000, 0x00000000eb400000| Untracked 
| 180|0x00000000eb400000, 0x00000000eb500000, 0x00000000eb500000|100%| O|  |TAMS 0x00000000eb500000, 0x00000000eb500000| Untracked 
| 181|0x00000000eb500000, 0x00000000eb600000, 0x00000000eb600000|100%| O|  |TAMS 0x00000000eb500000, 0x00000000eb600000| Untracked 
| 182|0x00000000eb600000, 0x00000000eb700000, 0x00000000eb700000|100%| O|  |TAMS 0x00000000eb700000, 0x00000000eb700000| Untracked 
| 183|0x00000000eb700000, 0x00000000eb800000, 0x00000000eb800000|100%| O|  |TAMS 0x00000000eb800000, 0x00000000eb800000| Untracked 
| 184|0x00000000eb800000, 0x00000000eb900000, 0x00000000eb900000|100%| O|  |TAMS 0x00000000eb900000, 0x00000000eb900000| Untracked 
| 185|0x00000000eb900000, 0x00000000eba00000, 0x00000000eba00000|100%| O|  |TAMS 0x00000000eb976400, 0x00000000eba00000| Untracked 
| 186|0x00000000eba00000, 0x00000000ebb00000, 0x00000000ebb00000|100%| O|  |TAMS 0x00000000ebb00000, 0x00000000ebb00000| Untracked 
| 187|0x00000000ebb00000, 0x00000000ebc00000, 0x00000000ebc00000|100%| O|  |TAMS 0x00000000ebc00000, 0x00000000ebc00000| Untracked 
| 188|0x00000000ebc00000, 0x00000000ebd00000, 0x00000000ebd00000|100%| O|  |TAMS 0x00000000ebd00000, 0x00000000ebd00000| Untracked 
| 189|0x00000000ebd00000, 0x00000000ebe00000, 0x00000000ebe00000|100%| O|  |TAMS 0x00000000ebe00000, 0x00000000ebe00000| Untracked 
| 190|0x00000000ebe00000, 0x00000000ebf00000, 0x00000000ebf00000|100%| O|  |TAMS 0x00000000ebf00000, 0x00000000ebf00000| Untracked 
| 191|0x00000000ebf00000, 0x00000000ec000000, 0x00000000ec000000|100%| O|  |TAMS 0x00000000ec000000, 0x00000000ec000000| Untracked 
| 192|0x00000000ec000000, 0x00000000ec100000, 0x00000000ec100000|100%| O|  |TAMS 0x00000000ec000000, 0x00000000ec100000| Untracked 
| 193|0x00000000ec100000, 0x00000000ec200000, 0x00000000ec200000|100%| O|  |TAMS 0x00000000ec100000, 0x00000000ec200000| Untracked 
| 194|0x00000000ec200000, 0x00000000ec300000, 0x00000000ec300000|100%| O|  |TAMS 0x00000000ec300000, 0x00000000ec300000| Untracked 
| 195|0x00000000ec300000, 0x00000000ec400000, 0x00000000ec400000|100%| O|  |TAMS 0x00000000ec300000, 0x00000000ec400000| Untracked 
| 196|0x00000000ec400000, 0x00000000ec500000, 0x00000000ec500000|100%| O|  |TAMS 0x00000000ec400000, 0x00000000ec500000| Untracked 
| 197|0x00000000ec500000, 0x00000000ec600000, 0x00000000ec600000|100%| O|  |TAMS 0x00000000ec600000, 0x00000000ec600000| Untracked 
| 198|0x00000000ec600000, 0x00000000ec700000, 0x00000000ec700000|100%| O|  |TAMS 0x00000000ec700000, 0x00000000ec700000| Untracked 
| 199|0x00000000ec700000, 0x00000000ec800000, 0x00000000ec800000|100%| O|  |TAMS 0x00000000ec800000, 0x00000000ec800000| Untracked 
| 200|0x00000000ec800000, 0x00000000ec900000, 0x00000000ec900000|100%| O|  |TAMS 0x00000000ec900000, 0x00000000ec900000| Untracked 
| 201|0x00000000ec900000, 0x00000000eca00000, 0x00000000eca00000|100%| O|  |TAMS 0x00000000eca00000, 0x00000000eca00000| Untracked 
| 202|0x00000000eca00000, 0x00000000ecb00000, 0x00000000ecb00000|100%| O|  |TAMS 0x00000000ecb00000, 0x00000000ecb00000| Untracked 
| 203|0x00000000ecb00000, 0x00000000ecc00000, 0x00000000ecc00000|100%| O|  |TAMS 0x00000000ecc00000, 0x00000000ecc00000| Untracked 
| 204|0x00000000ecc00000, 0x00000000ecd00000, 0x00000000ecd00000|100%|HS|  |TAMS 0x00000000ecc00000, 0x00000000ecd00000| Complete 
| 205|0x00000000ecd00000, 0x00000000ece00000, 0x00000000ece00000|100%| O|  |TAMS 0x00000000ece00000, 0x00000000ece00000| Untracked 
| 206|0x00000000ece00000, 0x00000000ecf00000, 0x00000000ecf00000|100%| O|  |TAMS 0x00000000ecf00000, 0x00000000ecf00000| Untracked 
| 207|0x00000000ecf00000, 0x00000000ed000000, 0x00000000ed000000|100%| O|  |TAMS 0x00000000ecf00000, 0x00000000ed000000| Untracked 
| 208|0x00000000ed000000, 0x00000000ed100000, 0x00000000ed100000|100%| O|  |TAMS 0x00000000ed100000, 0x00000000ed100000| Untracked 
| 209|0x00000000ed100000, 0x00000000ed200000, 0x00000000ed200000|100%|HS|  |TAMS 0x00000000ed100000, 0x00000000ed200000| Complete 
| 210|0x00000000ed200000, 0x00000000ed300000, 0x00000000ed300000|100%| O|  |TAMS 0x00000000ed300000, 0x00000000ed300000| Untracked 
| 211|0x00000000ed300000, 0x00000000ed400000, 0x00000000ed400000|100%| O|  |TAMS 0x00000000ed400000, 0x00000000ed400000| Untracked 
| 212|0x00000000ed400000, 0x00000000ed500000, 0x00000000ed500000|100%| O|  |TAMS 0x00000000ed400000, 0x00000000ed500000| Untracked 
| 213|0x00000000ed500000, 0x00000000ed600000, 0x00000000ed600000|100%| O|  |TAMS 0x00000000ed600000, 0x00000000ed600000| Untracked 
| 214|0x00000000ed600000, 0x00000000ed700000, 0x00000000ed700000|100%| O|  |TAMS 0x00000000ed700000, 0x00000000ed700000| Untracked 
| 215|0x00000000ed700000, 0x00000000ed800000, 0x00000000ed800000|100%| O|  |TAMS 0x00000000ed700000, 0x00000000ed800000| Untracked 
| 216|0x00000000ed800000, 0x00000000ed900000, 0x00000000ed900000|100%| O|  |TAMS 0x00000000ed800000, 0x00000000ed900000| Untracked 
| 217|0x00000000ed900000, 0x00000000eda00000, 0x00000000eda00000|100%| O|  |TAMS 0x00000000eda00000, 0x00000000eda00000| Untracked 
| 218|0x00000000eda00000, 0x00000000edb00000, 0x00000000edb00000|100%| O|  |TAMS 0x00000000edb00000, 0x00000000edb00000| Untracked 
| 219|0x00000000edb00000, 0x00000000edc00000, 0x00000000edc00000|100%| O|  |TAMS 0x00000000edb00000, 0x00000000edc00000| Untracked 
| 220|0x00000000edc00000, 0x00000000edd00000, 0x00000000edd00000|100%| O|  |TAMS 0x00000000edc00000, 0x00000000edd00000| Untracked 
| 221|0x00000000edd00000, 0x00000000ede00000, 0x00000000ede00000|100%| O|  |TAMS 0x00000000ede00000, 0x00000000ede00000| Untracked 
| 222|0x00000000ede00000, 0x00000000edf00000, 0x00000000edf00000|100%| O|  |TAMS 0x00000000ede00000, 0x00000000edf00000| Untracked 
| 223|0x00000000edf00000, 0x00000000ee000000, 0x00000000ee000000|100%|HS|  |TAMS 0x00000000edf00000, 0x00000000edf00000| Complete 
| 224|0x00000000ee000000, 0x00000000ee100000, 0x00000000ee100000|100%|HS|  |TAMS 0x00000000ee000000, 0x00000000ee100000| Complete 
| 225|0x00000000ee100000, 0x00000000ee100000, 0x00000000ee200000|  0%| F|  |TAMS 0x00000000ee100000, 0x00000000ee100000| Untracked 
| 226|0x00000000ee200000, 0x00000000ee300000, 0x00000000ee300000|100%|HS|  |TAMS 0x00000000ee200000, 0x00000000ee300000| Complete 
| 227|0x00000000ee300000, 0x00000000ee400000, 0x00000000ee400000|100%|HS|  |TAMS 0x00000000ee300000, 0x00000000ee300000| Complete 
| 228|0x00000000ee400000, 0x00000000ee500000, 0x00000000ee500000|100%|HC|  |TAMS 0x00000000ee400000, 0x00000000ee400000| Complete 
| 229|0x00000000ee500000, 0x00000000ee600000, 0x00000000ee600000|100%| O|  |TAMS 0x00000000ee500000, 0x00000000ee600000| Untracked 
| 230|0x00000000ee600000, 0x00000000ee700000, 0x00000000ee700000|100%| O|  |TAMS 0x00000000ee700000, 0x00000000ee700000| Untracked 
| 231|0x00000000ee700000, 0x00000000ee800000, 0x00000000ee800000|100%| O|  |TAMS 0x00000000ee800000, 0x00000000ee800000| Untracked 
| 232|0x00000000ee800000, 0x00000000ee900000, 0x00000000ee900000|100%| O|  |TAMS 0x00000000ee800000, 0x00000000ee900000| Untracked 
| 233|0x00000000ee900000, 0x00000000eea00000, 0x00000000eea00000|100%| O|  |TAMS 0x00000000ee900000, 0x00000000eea00000| Untracked 
| 234|0x00000000eea00000, 0x00000000eeb00000, 0x00000000eeb00000|100%| O|  |TAMS 0x00000000eea00000, 0x00000000eeb00000| Untracked 
| 235|0x00000000eeb00000, 0x00000000eec00000, 0x00000000eec00000|100%| O|  |TAMS 0x00000000eec00000, 0x00000000eec00000| Untracked 
| 236|0x00000000eec00000, 0x00000000eed00000, 0x00000000eed00000|100%| O|  |TAMS 0x00000000eed00000, 0x00000000eed00000| Untracked 
| 237|0x00000000eed00000, 0x00000000eee00000, 0x00000000eee00000|100%| O|  |TAMS 0x00000000eee00000, 0x00000000eee00000| Untracked 
| 238|0x00000000eee00000, 0x00000000eef00000, 0x00000000eef00000|100%| O|  |TAMS 0x00000000eef00000, 0x00000000eef00000| Untracked 
| 239|0x00000000eef00000, 0x00000000eef00000, 0x00000000ef000000|  0%| F|  |TAMS 0x00000000eef00000, 0x00000000eef00000| Untracked 
| 240|0x00000000ef000000, 0x00000000ef000000, 0x00000000ef100000|  0%| F|  |TAMS 0x00000000ef000000, 0x00000000ef000000| Untracked 
| 241|0x00000000ef100000, 0x00000000ef200000, 0x00000000ef200000|100%| O|  |TAMS 0x00000000ef200000, 0x00000000ef200000| Untracked 
| 242|0x00000000ef200000, 0x00000000ef200000, 0x00000000ef300000|  0%| F|  |TAMS 0x00000000ef200000, 0x00000000ef200000| Untracked 
| 243|0x00000000ef300000, 0x00000000ef400000, 0x00000000ef400000|100%| O|  |TAMS 0x00000000ef400000, 0x00000000ef400000| Untracked 
| 244|0x00000000ef400000, 0x00000000ef400000, 0x00000000ef500000|  0%| F|  |TAMS 0x00000000ef400000, 0x00000000ef400000| Untracked 
| 245|0x00000000ef500000, 0x00000000ef600000, 0x00000000ef600000|100%| O|  |TAMS 0x00000000ef600000, 0x00000000ef600000| Untracked 
| 246|0x00000000ef600000, 0x00000000ef700000, 0x00000000ef700000|100%| O|  |TAMS 0x00000000ef600000, 0x00000000ef700000| Untracked 
| 247|0x00000000ef700000, 0x00000000ef800000, 0x00000000ef800000|100%| O|  |TAMS 0x00000000ef800000, 0x00000000ef800000| Untracked 
| 248|0x00000000ef800000, 0x00000000ef800000, 0x00000000ef900000|  0%| F|  |TAMS 0x00000000ef800000, 0x00000000ef800000| Untracked 
| 249|0x00000000ef900000, 0x00000000ef900000, 0x00000000efa00000|  0%| F|  |TAMS 0x00000000ef900000, 0x00000000ef900000| Untracked 
| 250|0x00000000efa00000, 0x00000000efb00000, 0x00000000efb00000|100%| O|  |TAMS 0x00000000efb00000, 0x00000000efb00000| Untracked 
| 251|0x00000000efb00000, 0x00000000efc00000, 0x00000000efc00000|100%| O|  |TAMS 0x00000000efc00000, 0x00000000efc00000| Untracked 
| 252|0x00000000efc00000, 0x00000000efc00000, 0x00000000efd00000|  0%| F|  |TAMS 0x00000000efc00000, 0x00000000efc00000| Untracked 
| 253|0x00000000efd00000, 0x00000000efd00000, 0x00000000efe00000|  0%| F|  |TAMS 0x00000000efd00000, 0x00000000efd00000| Untracked 
| 254|0x00000000efe00000, 0x00000000efe00000, 0x00000000eff00000|  0%| F|  |TAMS 0x00000000efe00000, 0x00000000efe00000| Untracked 
| 255|0x00000000eff00000, 0x00000000eff00000, 0x00000000f0000000|  0%| F|  |TAMS 0x00000000eff00000, 0x00000000eff00000| Untracked 
| 256|0x00000000f0000000, 0x00000000f0100000, 0x00000000f0100000|100%| O|  |TAMS 0x00000000f0100000, 0x00000000f0100000| Untracked 
| 257|0x00000000f0100000, 0x00000000f0100000, 0x00000000f0200000|  0%| F|  |TAMS 0x00000000f0100000, 0x00000000f0100000| Untracked 
| 258|0x00000000f0200000, 0x00000000f0200000, 0x00000000f0300000|  0%| F|  |TAMS 0x00000000f0200000, 0x00000000f0200000| Untracked 
| 259|0x00000000f0300000, 0x00000000f0400000, 0x00000000f0400000|100%| O|  |TAMS 0x00000000f0400000, 0x00000000f0400000| Untracked 
| 260|0x00000000f0400000, 0x00000000f0400000, 0x00000000f0500000|  0%| F|  |TAMS 0x00000000f0400000, 0x00000000f0400000| Untracked 
| 261|0x00000000f0500000, 0x00000000f0600000, 0x00000000f0600000|100%| O|  |TAMS 0x00000000f0600000, 0x00000000f0600000| Untracked 
| 262|0x00000000f0600000, 0x00000000f0700000, 0x00000000f0700000|100%| O|  |TAMS 0x00000000f0700000, 0x00000000f0700000| Untracked 
| 263|0x00000000f0700000, 0x00000000f0800000, 0x00000000f0800000|100%| O|  |TAMS 0x00000000f0800000, 0x00000000f0800000| Untracked 
| 264|0x00000000f0800000, 0x00000000f0900000, 0x00000000f0900000|100%| O|  |TAMS 0x00000000f0900000, 0x00000000f0900000| Untracked 
| 265|0x00000000f0900000, 0x00000000f0900000, 0x00000000f0a00000|  0%| F|  |TAMS 0x00000000f0900000, 0x00000000f0900000| Untracked 
| 266|0x00000000f0a00000, 0x00000000f0a00000, 0x00000000f0b00000|  0%| F|  |TAMS 0x00000000f0a00000, 0x00000000f0a00000| Untracked 
| 267|0x00000000f0b00000, 0x00000000f0b00000, 0x00000000f0c00000|  0%| F|  |TAMS 0x00000000f0b00000, 0x00000000f0b00000| Untracked 
| 268|0x00000000f0c00000, 0x00000000f0c00000, 0x00000000f0d00000|  0%| F|  |TAMS 0x00000000f0c00000, 0x00000000f0c00000| Untracked 
| 269|0x00000000f0d00000, 0x00000000f0d00000, 0x00000000f0e00000|  0%| F|  |TAMS 0x00000000f0d00000, 0x00000000f0d00000| Untracked 
| 270|0x00000000f0e00000, 0x00000000f0f00000, 0x00000000f0f00000|100%| O|  |TAMS 0x00000000f0f00000, 0x00000000f0f00000| Untracked 
| 271|0x00000000f0f00000, 0x00000000f0f00000, 0x00000000f1000000|  0%| F|  |TAMS 0x00000000f0f00000, 0x00000000f0f00000| Untracked 
| 272|0x00000000f1000000, 0x00000000f1100000, 0x00000000f1100000|100%| O|  |TAMS 0x00000000f1000000, 0x00000000f1100000| Untracked 
| 273|0x00000000f1100000, 0x00000000f1200000, 0x00000000f1200000|100%| O|  |TAMS 0x00000000f1100000, 0x00000000f1200000| Untracked 
| 274|0x00000000f1200000, 0x00000000f1300000, 0x00000000f1300000|100%| O|  |TAMS 0x00000000f1200000, 0x00000000f1300000| Untracked 
| 275|0x00000000f1300000, 0x00000000f1400000, 0x00000000f1400000|100%| O|  |TAMS 0x00000000f1400000, 0x00000000f1400000| Untracked 
| 276|0x00000000f1400000, 0x00000000f1500000, 0x00000000f1500000|100%| O|  |TAMS 0x00000000f1500000, 0x00000000f1500000| Untracked 
| 277|0x00000000f1500000, 0x00000000f1600000, 0x00000000f1600000|100%| O|  |TAMS 0x00000000f1500000, 0x00000000f1600000| Untracked 
| 278|0x00000000f1600000, 0x00000000f1700000, 0x00000000f1700000|100%| O|  |TAMS 0x00000000f1600000, 0x00000000f1700000| Untracked 
| 279|0x00000000f1700000, 0x00000000f1800000, 0x00000000f1800000|100%| O|  |TAMS 0x00000000f1700000, 0x00000000f1800000| Untracked 
| 280|0x00000000f1800000, 0x00000000f1900000, 0x00000000f1900000|100%| O|  |TAMS 0x00000000f1800000, 0x00000000f1900000| Untracked 
| 281|0x00000000f1900000, 0x00000000f1a00000, 0x00000000f1a00000|100%| O|  |TAMS 0x00000000f1900000, 0x00000000f1a00000| Untracked 
| 282|0x00000000f1a00000, 0x00000000f1b00000, 0x00000000f1b00000|100%| O|  |TAMS 0x00000000f1a00000, 0x00000000f1b00000| Untracked 
| 283|0x00000000f1b00000, 0x00000000f1b00000, 0x00000000f1c00000|  0%| F|  |TAMS 0x00000000f1b00000, 0x00000000f1b00000| Untracked 
| 284|0x00000000f1c00000, 0x00000000f1c00000, 0x00000000f1d00000|  0%| F|  |TAMS 0x00000000f1c00000, 0x00000000f1c00000| Untracked 
| 285|0x00000000f1d00000, 0x00000000f1d00000, 0x00000000f1e00000|  0%| F|  |TAMS 0x00000000f1d00000, 0x00000000f1d00000| Untracked 
| 286|0x00000000f1e00000, 0x00000000f1e00000, 0x00000000f1f00000|  0%| F|  |TAMS 0x00000000f1e00000, 0x00000000f1e00000| Untracked 
| 287|0x00000000f1f00000, 0x00000000f1f00000, 0x00000000f2000000|  0%| F|  |TAMS 0x00000000f1f00000, 0x00000000f1f00000| Untracked 
| 288|0x00000000f2000000, 0x00000000f2000000, 0x00000000f2100000|  0%| F|  |TAMS 0x00000000f2000000, 0x00000000f2000000| Untracked 
| 289|0x00000000f2100000, 0x00000000f2100000, 0x00000000f2200000|  0%| F|  |TAMS 0x00000000f2100000, 0x00000000f2100000| Untracked 
| 290|0x00000000f2200000, 0x00000000f2200000, 0x00000000f2300000|  0%| F|  |TAMS 0x00000000f2200000, 0x00000000f2200000| Untracked 
| 291|0x00000000f2300000, 0x00000000f2300000, 0x00000000f2400000|  0%| F|  |TAMS 0x00000000f2300000, 0x00000000f2300000| Untracked 
| 292|0x00000000f2400000, 0x00000000f2400000, 0x00000000f2500000|  0%| F|  |TAMS 0x00000000f2400000, 0x00000000f2400000| Untracked 
| 293|0x00000000f2500000, 0x00000000f2500000, 0x00000000f2600000|  0%| F|  |TAMS 0x00000000f2500000, 0x00000000f2500000| Untracked 
| 294|0x00000000f2600000, 0x00000000f2600000, 0x00000000f2700000|  0%| F|  |TAMS 0x00000000f2600000, 0x00000000f2600000| Untracked 
| 295|0x00000000f2700000, 0x00000000f2700000, 0x00000000f2800000|  0%| F|  |TAMS 0x00000000f2700000, 0x00000000f2700000| Untracked 
| 296|0x00000000f2800000, 0x00000000f2800000, 0x00000000f2900000|  0%| F|  |TAMS 0x00000000f2800000, 0x00000000f2800000| Untracked 
| 297|0x00000000f2900000, 0x00000000f2900000, 0x00000000f2a00000|  0%| F|  |TAMS 0x00000000f2900000, 0x00000000f2900000| Untracked 
| 298|0x00000000f2a00000, 0x00000000f2a00000, 0x00000000f2b00000|  0%| F|  |TAMS 0x00000000f2a00000, 0x00000000f2a00000| Untracked 
| 299|0x00000000f2b00000, 0x00000000f2b00000, 0x00000000f2c00000|  0%| F|  |TAMS 0x00000000f2b00000, 0x00000000f2b00000| Untracked 
| 300|0x00000000f2c00000, 0x00000000f2c00000, 0x00000000f2d00000|  0%| F|  |TAMS 0x00000000f2c00000, 0x00000000f2c00000| Untracked 
| 301|0x00000000f2d00000, 0x00000000f2d00000, 0x00000000f2e00000|  0%| F|  |TAMS 0x00000000f2d00000, 0x00000000f2d00000| Untracked 
| 302|0x00000000f2e00000, 0x00000000f2e00000, 0x00000000f2f00000|  0%| F|  |TAMS 0x00000000f2e00000, 0x00000000f2e00000| Untracked 
| 303|0x00000000f2f00000, 0x00000000f2f00000, 0x00000000f3000000|  0%| F|  |TAMS 0x00000000f2f00000, 0x00000000f2f00000| Untracked 
| 304|0x00000000f3000000, 0x00000000f3000000, 0x00000000f3100000|  0%| F|  |TAMS 0x00000000f3000000, 0x00000000f3000000| Untracked 
| 305|0x00000000f3100000, 0x00000000f3100000, 0x00000000f3200000|  0%| F|  |TAMS 0x00000000f3100000, 0x00000000f3100000| Untracked 
| 306|0x00000000f3200000, 0x00000000f3200000, 0x00000000f3300000|  0%| F|  |TAMS 0x00000000f3200000, 0x00000000f3200000| Untracked 
| 307|0x00000000f3300000, 0x00000000f3300000, 0x00000000f3400000|  0%| F|  |TAMS 0x00000000f3300000, 0x00000000f3300000| Untracked 
| 308|0x00000000f3400000, 0x00000000f3400000, 0x00000000f3500000|  0%| F|  |TAMS 0x00000000f3400000, 0x00000000f3400000| Untracked 
| 309|0x00000000f3500000, 0x00000000f3500000, 0x00000000f3600000|  0%| F|  |TAMS 0x00000000f3500000, 0x00000000f3500000| Untracked 
| 310|0x00000000f3600000, 0x00000000f3600000, 0x00000000f3700000|  0%| F|  |TAMS 0x00000000f3600000, 0x00000000f3600000| Untracked 
| 311|0x00000000f3700000, 0x00000000f3700000, 0x00000000f3800000|  0%| F|  |TAMS 0x00000000f3700000, 0x00000000f3700000| Untracked 
| 312|0x00000000f3800000, 0x00000000f3800000, 0x00000000f3900000|  0%| F|  |TAMS 0x00000000f3800000, 0x00000000f3800000| Untracked 
| 313|0x00000000f3900000, 0x00000000f3900000, 0x00000000f3a00000|  0%| F|  |TAMS 0x00000000f3900000, 0x00000000f3900000| Untracked 
| 314|0x00000000f3a00000, 0x00000000f3a00000, 0x00000000f3b00000|  0%| F|  |TAMS 0x00000000f3a00000, 0x00000000f3a00000| Untracked 
| 315|0x00000000f3b00000, 0x00000000f3bccd00, 0x00000000f3c00000| 80%| S|CS|TAMS 0x00000000f3b00000, 0x00000000f3b00000| Complete 
| 316|0x00000000f3c00000, 0x00000000f3d00000, 0x00000000f3d00000|100%| S|CS|TAMS 0x00000000f3c00000, 0x00000000f3c00000| Complete 
| 317|0x00000000f3d00000, 0x00000000f3d00000, 0x00000000f3e00000|  0%| F|  |TAMS 0x00000000f3d00000, 0x00000000f3d00000| Untracked 
| 318|0x00000000f3e00000, 0x00000000f3e00000, 0x00000000f3f00000|  0%| F|  |TAMS 0x00000000f3e00000, 0x00000000f3e00000| Untracked 
| 319|0x00000000f3f00000, 0x00000000f3f00000, 0x00000000f4000000|  0%| F|  |TAMS 0x00000000f3f00000, 0x00000000f3f00000| Untracked 
| 320|0x00000000f4000000, 0x00000000f4000000, 0x00000000f4100000|  0%| F|  |TAMS 0x00000000f4000000, 0x00000000f4000000| Untracked 
| 321|0x00000000f4100000, 0x00000000f4100000, 0x00000000f4200000|  0%| F|  |TAMS 0x00000000f4100000, 0x00000000f4100000| Untracked 
| 322|0x00000000f4200000, 0x00000000f4200000, 0x00000000f4300000|  0%| F|  |TAMS 0x00000000f4200000, 0x00000000f4200000| Untracked 
| 323|0x00000000f4300000, 0x00000000f433e320, 0x00000000f4400000| 24%| E|  |TAMS 0x00000000f4300000, 0x00000000f4300000| Complete 
| 324|0x00000000f4400000, 0x00000000f44e5848, 0x00000000f4500000| 89%| E|  |TAMS 0x00000000f4400000, 0x00000000f4400000| Complete 
| 325|0x00000000f4500000, 0x00000000f4600000, 0x00000000f4600000|100%| E|CS|TAMS 0x00000000f4500000, 0x00000000f4500000| Complete 
| 326|0x00000000f4600000, 0x00000000f4700000, 0x00000000f4700000|100%| E|CS|TAMS 0x00000000f4600000, 0x00000000f4600000| Complete 
| 327|0x00000000f4700000, 0x00000000f4800000, 0x00000000f4800000|100%| E|CS|TAMS 0x00000000f4700000, 0x00000000f4700000| Complete 
| 328|0x00000000f4800000, 0x00000000f4900000, 0x00000000f4900000|100%| E|CS|TAMS 0x00000000f4800000, 0x00000000f4800000| Complete 
| 329|0x00000000f4900000, 0x00000000f4a00000, 0x00000000f4a00000|100%| E|CS|TAMS 0x00000000f4900000, 0x00000000f4900000| Complete 
| 330|0x00000000f4a00000, 0x00000000f4b00000, 0x00000000f4b00000|100%| E|CS|TAMS 0x00000000f4a00000, 0x00000000f4a00000| Complete 
| 331|0x00000000f4b00000, 0x00000000f4c00000, 0x00000000f4c00000|100%| E|CS|TAMS 0x00000000f4b00000, 0x00000000f4b00000| Complete 
| 332|0x00000000f4c00000, 0x00000000f4d00000, 0x00000000f4d00000|100%| E|CS|TAMS 0x00000000f4c00000, 0x00000000f4c00000| Complete 
| 333|0x00000000f4d00000, 0x00000000f4e00000, 0x00000000f4e00000|100%| E|CS|TAMS 0x00000000f4d00000, 0x00000000f4d00000| Complete 
| 334|0x00000000f4e00000, 0x00000000f4f00000, 0x00000000f4f00000|100%| E|CS|TAMS 0x00000000f4e00000, 0x00000000f4e00000| Complete 
| 335|0x00000000f4f00000, 0x00000000f5000000, 0x00000000f5000000|100%| E|CS|TAMS 0x00000000f4f00000, 0x00000000f4f00000| Complete 
| 336|0x00000000f5000000, 0x00000000f5100000, 0x00000000f5100000|100%| E|CS|TAMS 0x00000000f5000000, 0x00000000f5000000| Complete 
| 337|0x00000000f5100000, 0x00000000f5200000, 0x00000000f5200000|100%| E|CS|TAMS 0x00000000f5100000, 0x00000000f5100000| Complete 
| 338|0x00000000f5200000, 0x00000000f5300000, 0x00000000f5300000|100%| E|CS|TAMS 0x00000000f5200000, 0x00000000f5200000| Complete 
| 339|0x00000000f5300000, 0x00000000f5400000, 0x00000000f5400000|100%| E|CS|TAMS 0x00000000f5300000, 0x00000000f5300000| Complete 

Card table byte_map: [0x000001fcffba0000,0x000001fcffca0000] _byte_map_base: 0x000001fcff4a0000

Marking Bits (Prev, Next): (CMBitMap*) 0x000001fcf7488af8, (CMBitMap*) 0x000001fcf7488b30
 Prev Bits: [0x000001fc8f000000, 0x000001fc8f800000)
 Next Bits: [0x000001fc8f800000, 0x000001fc90000000)

Polling page: 0x000001fcf52c0000

Metaspace:

Usage:
  Non-class:    130.33 MB capacity,   126.00 MB ( 97%) used,     3.83 MB (  3%) free+waste,   513.56 KB ( <1%) overhead. 
      Class:     19.01 MB capacity,    17.15 MB ( 90%) used,     1.64 MB (  9%) free+waste,   225.00 KB (  1%) overhead. 
       Both:    149.34 MB capacity,   143.15 MB ( 96%) used,     5.47 MB (  4%) free+waste,   738.56 KB ( <1%) overhead. 

Virtual space:
  Non-class space:      132.00 MB reserved,     130.57 MB ( 99%) committed 
      Class space:      248.00 MB reserved,      19.13 MB (  8%) committed 
             Both:      380.00 MB reserved,     149.70 MB ( 39%) committed 

Chunk freelists:
   Non-Class:  54.00 KB
       Class:  52.00 KB
        Both:  106.00 KB

MaxMetaspaceSize: 256.00 MB
CompressedClassSpaceSize: 248.00 MB
Initial GC threshold: 20.80 MB
Current GC threshold: 247.62 MB
CDS: off

CodeHeap 'non-profiled nmethods': size=120064Kb used=24527Kb max_used=24527Kb free=95536Kb
 bounds [0x000001fc87ac0000, 0x000001fc892f0000, 0x000001fc8f000000]
CodeHeap 'profiled nmethods': size=120000Kb used=64412Kb max_used=64412Kb free=55587Kb
 bounds [0x000001fc80590000, 0x000001fc844b0000, 0x000001fc87ac0000]
CodeHeap 'non-nmethods': size=5696Kb used=2491Kb max_used=2570Kb free=3205Kb
 bounds [0x000001fc80000000, 0x000001fc802a0000, 0x000001fc80590000]
 total_blobs=27515 nmethods=26479 adapters=947
 compilation: enabled
              stopped_count=0, restarted_count=0
 full_count=0

Compilation events (20 events):
Event: 317.258 Thread 0x000001fc92d65000 nmethod 31447 0x000001fc88ab8190 code [0x000001fc88ab8320, 0x000001fc88ab83d8]
Event: 317.258 Thread 0x000001fc92d65000 31448       4       com.android.tools.r8.v.b.p::next (13 bytes)
Event: 317.263 Thread 0x000001fc92d65000 nmethod 31448 0x000001fc88c94c10 code [0x000001fc88c94dc0, 0x000001fc88c95098]
Event: 317.263 Thread 0x000001fc92d68800 32019       3       com.android.tools.r8.s.a.b.l.d::a (286 bytes)
Event: 317.263 Thread 0x000001fc92d65000 32018       4       com.android.tools.r8.w.a.a.a.h.Y$d::getKey (13 bytes)
Event: 317.264 Thread 0x000001fc92d65000 nmethod 32018 0x000001fc88c6a790 code [0x000001fc88c6a920, 0x000001fc88c6a9b8]
Event: 317.264 Thread 0x000001fc92d65000 31567       4       com.android.tools.r8.graph.f0::a (10 bytes)
Event: 317.265 Thread 0x000001fc92d68800 nmethod 32019 0x000001fc8368fb90 code [0x000001fc8368fee0, 0x000001fc83691358]
Event: 317.265 Thread 0x000001fc92d65000 nmethod 31567 0x000001fc88ab7d90 code [0x000001fc88ab7f40, 0x000001fc88ab8008]
Event: 317.265 Thread 0x000001fc92d65000 32014       4       com.android.tools.r8.graph.t0$v::D (4 bytes)
Event: 317.266 Thread 0x000001fc92d65000 nmethod 32014 0x000001fc88c94810 code [0x000001fc88c949a0, 0x000001fc88c94a18]
Event: 317.266 Thread 0x000001fc92d65000 31522       4       com.android.tools.r8.s.a.a.b.c::hasNext (79 bytes)
Event: 317.266 Thread 0x000001fc92d68800 32020 %     3       com.android.tools.r8.w.a.a.a.h.N::g @ 74 (323 bytes)
Event: 317.268 Thread 0x000001fc92d68800 nmethod 32020% 0x000001fc8368df90 code [0x000001fc8368e260, 0x000001fc8368f418]
Event: 317.271 Thread 0x000001fc92d68800 32021       3       com.android.tools.r8.w.a.a.a.h.N::g (323 bytes)
Event: 317.273 Thread 0x000001fc92d68800 nmethod 32021 0x000001fc8368c890 code [0x000001fc8368cb40, 0x000001fc8368d9d8]
Event: 317.276 Thread 0x000001fc92d68800 32024       2       java.util.Comparators$NullComparator::compare (65 bytes)
Event: 317.277 Thread 0x000001fc92d68800 nmethod 32024 0x000001fc8368c490 code [0x000001fc8368c640, 0x000001fc8368c808]
Event: 317.288 Thread 0x000001fc92d65000 nmethod 31522 0x000001fc88aa2190 code [0x000001fc88aa23a0, 0x000001fc88aa2be8]
Event: 317.288 Thread 0x000001fc92d65000 32022       4       com.android.tools.r8.graph.E::a (95 bytes)

GC Heap History (20 events):
Event: 311.106 GC heap before
{Heap before GC invocations=273 (full 0):
 garbage-first heap   total 334848K, used 285120K [0x00000000e0000000, 0x0000000100000000)
  region size 1024K, 16 young (16384K), 3 survivors (3072K)
 Metaspace       used 145712K, capacity 152046K, committed 152136K, reserved 387072K
  class space    used 17496K, capacity 19410K, committed 19456K, reserved 253952K
}
Event: 311.143 GC heap after
{Heap after GC invocations=274 (full 0):
 garbage-first heap   total 334848K, used 256210K [0x00000000e0000000, 0x0000000100000000)
  region size 1024K, 2 young (2048K), 2 survivors (2048K)
 Metaspace       used 145712K, capacity 152046K, committed 152136K, reserved 387072K
  class space    used 17496K, capacity 19410K, committed 19456K, reserved 253952K
}
Event: 311.339 GC heap before
{Heap before GC invocations=274 (full 0):
 garbage-first heap   total 334848K, used 283858K [0x00000000e0000000, 0x0000000100000000)
  region size 1024K, 29 young (29696K), 2 survivors (2048K)
 Metaspace       used 145715K, capacity 152046K, committed 152136K, reserved 387072K
  class space    used 17496K, capacity 19410K, committed 19456K, reserved 253952K
}
Event: 311.357 GC heap after
{Heap after GC invocations=275 (full 0):
 garbage-first heap   total 334848K, used 262144K [0x00000000e0000000, 0x0000000100000000)
  region size 1024K, 4 young (4096K), 4 survivors (4096K)
 Metaspace       used 145715K, capacity 152046K, committed 152136K, reserved 387072K
  class space    used 17496K, capacity 19410K, committed 19456K, reserved 253952K
}
Event: 311.589 GC heap before
{Heap before GC invocations=275 (full 0):
 garbage-first heap   total 334848K, used 287744K [0x00000000e0000000, 0x0000000100000000)
  region size 1024K, 29 young (29696K), 4 survivors (4096K)
 Metaspace       used 145723K, capacity 152048K, committed 152136K, reserved 387072K
  class space    used 17496K, capacity 19410K, committed 19456K, reserved 253952K
}
Event: 311.607 GC heap after
{Heap after GC invocations=276 (full 0):
 garbage-first heap   total 334848K, used 264614K [0x00000000e0000000, 0x0000000100000000)
  region size 1024K, 3 young (3072K), 3 survivors (3072K)
 Metaspace       used 145723K, capacity 152048K, committed 152136K, reserved 387072K
  class space    used 17496K, capacity 19410K, committed 19456K, reserved 253952K
}
Event: 311.823 GC heap before
{Heap before GC invocations=276 (full 0):
 garbage-first heap   total 334848K, used 268710K [0x00000000e0000000, 0x0000000100000000)
  region size 1024K, 9 young (9216K), 3 survivors (3072K)
 Metaspace       used 145723K, capacity 152048K, committed 152136K, reserved 387072K
  class space    used 17496K, capacity 19410K, committed 19456K, reserved 253952K
}
Event: 311.830 GC heap after
{Heap after GC invocations=277 (full 0):
 garbage-first heap   total 334848K, used 264601K [0x00000000e0000000, 0x0000000100000000)
  region size 1024K, 1 young (1024K), 1 survivors (1024K)
 Metaspace       used 145723K, capacity 152048K, committed 152136K, reserved 387072K
  class space    used 17496K, capacity 19410K, committed 19456K, reserved 253952K
}
Event: 312.948 GC heap before
{Heap before GC invocations=277 (full 0):
 garbage-first heap   total 334848K, used 290201K [0x00000000e0000000, 0x0000000100000000)
  region size 1024K, 26 young (26624K), 1 survivors (1024K)
 Metaspace       used 145675K, capacity 151952K, committed 152136K, reserved 387072K
  class space    used 17476K, capacity 19378K, committed 19456K, reserved 253952K
}
Event: 312.987 GC heap after
{Heap after GC invocations=278 (full 0):
 garbage-first heap   total 334848K, used 266112K [0x00000000e0000000, 0x0000000100000000)
  region size 1024K, 2 young (2048K), 2 survivors (2048K)
 Metaspace       used 145675K, capacity 151952K, committed 152136K, reserved 387072K
  class space    used 17476K, capacity 19378K, committed 19456K, reserved 253952K
}
Event: 314.121 GC heap before
{Heap before GC invocations=279 (full 0):
 garbage-first heap   total 334848K, used 292736K [0x00000000e0000000, 0x0000000100000000)
  region size 1024K, 27 young (27648K), 2 survivors (2048K)
 Metaspace       used 145676K, capacity 151952K, committed 152136K, reserved 387072K
  class space    used 17476K, capacity 19378K, committed 19456K, reserved 253952K
}
Event: 314.128 GC heap after
{Heap after GC invocations=280 (full 0):
 garbage-first heap   total 334848K, used 266158K [0x00000000e0000000, 0x0000000100000000)
  region size 1024K, 2 young (2048K), 2 survivors (2048K)
 Metaspace       used 145676K, capacity 151952K, committed 152136K, reserved 387072K
  class space    used 17476K, capacity 19378K, committed 19456K, reserved 253952K
}
Event: 315.131 GC heap before
{Heap before GC invocations=280 (full 0):
 garbage-first heap   total 334848K, used 289710K [0x00000000e0000000, 0x0000000100000000)
  region size 1024K, 16 young (16384K), 2 survivors (2048K)
 Metaspace       used 146039K, capacity 152274K, committed 152520K, reserved 387072K
  class space    used 17517K, capacity 19416K, committed 19584K, reserved 253952K
}
Event: 315.194 GC heap after
{Heap after GC invocations=281 (full 0):
 garbage-first heap   total 334848K, used 248178K [0x00000000e0000000, 0x0000000100000000)
  region size 1024K, 2 young (2048K), 2 survivors (2048K)
 Metaspace       used 146039K, capacity 152274K, committed 152520K, reserved 387072K
  class space    used 17517K, capacity 19416K, committed 19584K, reserved 253952K
}
Event: 315.346 GC heap before
{Heap before GC invocations=281 (full 0):
 garbage-first heap   total 334848K, used 261490K [0x00000000e0000000, 0x0000000100000000)
  region size 1024K, 16 young (16384K), 2 survivors (2048K)
 Metaspace       used 146149K, capacity 152410K, committed 152776K, reserved 389120K
  class space    used 17526K, capacity 19418K, committed 19584K, reserved 253952K
}
Event: 315.392 GC heap after
{Heap after GC invocations=282 (full 0):
 garbage-first heap   total 334848K, used 250880K [0x00000000e0000000, 0x0000000100000000)
  region size 1024K, 2 young (2048K), 2 survivors (2048K)
 Metaspace       used 146149K, capacity 152410K, committed 152776K, reserved 389120K
  class space    used 17526K, capacity 19418K, committed 19584K, reserved 253952K
}
Event: 316.506 GC heap before
{Heap before GC invocations=282 (full 0):
 garbage-first heap   total 334848K, used 282624K [0x00000000e0000000, 0x0000000100000000)
  region size 1024K, 32 young (32768K), 2 survivors (2048K)
 Metaspace       used 146514K, capacity 152836K, committed 153032K, reserved 389120K
  class space    used 17559K, capacity 19468K, committed 19584K, reserved 253952K
}
Event: 316.558 GC heap after
{Heap after GC invocations=283 (full 0):
 garbage-first heap   total 334848K, used 265333K [0x00000000e0000000, 0x0000000100000000)
  region size 1024K, 4 young (4096K), 4 survivors (4096K)
 Metaspace       used 146514K, capacity 152836K, committed 153032K, reserved 389120K
  class space    used 17559K, capacity 19468K, committed 19584K, reserved 253952K
}
Event: 316.754 GC heap before
{Heap before GC invocations=283 (full 0):
 garbage-first heap   total 334848K, used 274549K [0x00000000e0000000, 0x0000000100000000)
  region size 1024K, 14 young (14336K), 4 survivors (4096K)
 Metaspace       used 146517K, capacity 152836K, committed 153032K, reserved 389120K
  class space    used 17559K, capacity 19468K, committed 19584K, reserved 253952K
}
Event: 316.778 GC heap after
{Heap after GC invocations=284 (full 0):
 garbage-first heap   total 348160K, used 268083K [0x00000000e0000000, 0x0000000100000000)
  region size 1024K, 2 young (2048K), 2 survivors (2048K)
 Metaspace       used 146517K, capacity 152836K, committed 153032K, reserved 389120K
  class space    used 17559K, capacity 19468K, committed 19584K, reserved 253952K
}

Deoptimization events (20 events):
Event: 317.175 Thread 0x000001fc95374800 DEOPT PACKING pc=0x000001fc8077de8c sp=0x00000011f13fd690
Event: 317.175 Thread 0x000001fc95374800 DEOPT UNPACKING pc=0x000001fc8004a95e sp=0x00000011f13fcb78 mode 0
Event: 317.179 Thread 0x000001fc95374800 DEOPT PACKING pc=0x000001fc8077de8c sp=0x00000011f13fd690
Event: 317.179 Thread 0x000001fc95374800 DEOPT UNPACKING pc=0x000001fc8004a95e sp=0x00000011f13fcb78 mode 0
Event: 317.181 Thread 0x000001fc95374800 DEOPT PACKING pc=0x000001fc80795a9d sp=0x00000011f13fd680
Event: 317.181 Thread 0x000001fc95374800 DEOPT UNPACKING pc=0x000001fc8004a95e sp=0x00000011f13fcb70 mode 0
Event: 317.186 Thread 0x000001fc95374800 DEOPT PACKING pc=0x000001fc8077de8c sp=0x00000011f13fd690
Event: 317.186 Thread 0x000001fc95374800 DEOPT UNPACKING pc=0x000001fc8004a95e sp=0x00000011f13fcb78 mode 0
Event: 317.196 Thread 0x000001fc95374800 DEOPT PACKING pc=0x000001fc8077de8c sp=0x00000011f13fd690
Event: 317.196 Thread 0x000001fc95374800 DEOPT UNPACKING pc=0x000001fc8004a95e sp=0x00000011f13fcb78 mode 0
Event: 317.197 Thread 0x000001fc95374800 DEOPT PACKING pc=0x000001fc80795a9d sp=0x00000011f13fd680
Event: 317.197 Thread 0x000001fc95374800 DEOPT UNPACKING pc=0x000001fc8004a95e sp=0x00000011f13fcb70 mode 0
Event: 317.201 Thread 0x000001fc95374800 DEOPT PACKING pc=0x000001fc80795a9d sp=0x00000011f13fd680
Event: 317.201 Thread 0x000001fc95374800 DEOPT UNPACKING pc=0x000001fc8004a95e sp=0x00000011f13fcb70 mode 0
Event: 317.208 Thread 0x000001fc95374800 Uncommon trap: trap_request=0xffffff4d fr.pc=0x000001fc891c3868 relative=0x00000000000000a8
Event: 317.208 Thread 0x000001fc95374800 Uncommon trap: reason=unstable_if action=reinterpret pc=0x000001fc891c3868 method=java.util.Comparators$NullComparator.compare(Ljava/lang/Object;Ljava/lang/Object;)I @ 26 c2
Event: 317.208 Thread 0x000001fc95374800 DEOPT PACKING pc=0x000001fc891c3868 sp=0x00000011f13fd280
Event: 317.208 Thread 0x000001fc95374800 DEOPT UNPACKING pc=0x000001fc8004a1af sp=0x00000011f13fd218 mode 2
Event: 317.275 Thread 0x000001fc95374800 DEOPT PACKING pc=0x000001fc80fbdc69 sp=0x00000011f13fd1c0
Event: 317.275 Thread 0x000001fc95374800 DEOPT UNPACKING pc=0x000001fc8004a95e sp=0x00000011f13fc718 mode 0

Classes redefined (0 events):
No events

Internal exceptions (20 events):
Event: 304.257 Thread 0x000001fc9ce15800 Exception <a 'sun/nio/fs/WindowsException'{0x00000000f2cfda00}> (0x00000000f2cfda00) thrown at [./src/hotspot/share/prims/jni.cpp, line 616]
Event: 304.426 Thread 0x000001fc9ce14800 Exception <a 'sun/nio/fs/WindowsException'{0x00000000f4396a90}> (0x00000000f4396a90) thrown at [./src/hotspot/share/prims/jni.cpp, line 616]
Event: 305.192 Thread 0x000001fc930a1000 Exception <a 'sun/nio/fs/WindowsException'{0x00000000f44fec28}> (0x00000000f44fec28) thrown at [./src/hotspot/share/prims/jni.cpp, line 616]
Event: 307.720 Thread 0x000001fc9ce13800 Exception <a 'sun/nio/fs/WindowsException'{0x00000000f3affd68}> (0x00000000f3affd68) thrown at [./src/hotspot/share/prims/jni.cpp, line 616]
Event: 308.202 Thread 0x000001fc9ce13800 Implicit null exception at 0x000001fc88a8abf7 to 0x000001fc88a8b558
Event: 308.321 Thread 0x000001fc9ce13800 Implicit null exception at 0x000001fc88b24e70 to 0x000001fc88b26a60
Event: 308.520 Thread 0x000001fc9ce15800 Exception <a 'sun/nio/fs/WindowsException'{0x00000000f298af58}> (0x00000000f298af58) thrown at [./src/hotspot/share/prims/jni.cpp, line 616]
Event: 308.770 Thread 0x000001fc9ce15800 Exception <a 'java/lang/NoSuchMethodError'{0x00000000f3a68810}: <clinit>> (0x00000000f3a68810) thrown at [./src/hotspot/share/prims/jni.cpp, line 1366]
Event: 309.048 Thread 0x000001fc979cc000 Exception <a 'sun/nio/fs/WindowsException'{0x00000000f2b9ece8}> (0x00000000f2b9ece8) thrown at [./src/hotspot/share/prims/jni.cpp, line 616]
Event: 309.078 Thread 0x000001fc979c3800 Exception <a 'sun/nio/fs/WindowsException'{0x00000000f451a9f8}> (0x00000000f451a9f8) thrown at [./src/hotspot/share/prims/jni.cpp, line 616]
Event: 309.549 Thread 0x000001fc979cc000 Exception <a 'sun/nio/fs/WindowsException'{0x00000000f33e4018}> (0x00000000f33e4018) thrown at [./src/hotspot/share/prims/jni.cpp, line 616]
Event: 310.124 Thread 0x000001fc979c3800 Exception <a 'sun/nio/fs/WindowsException'{0x00000000f4169eb8}> (0x00000000f4169eb8) thrown at [./src/hotspot/share/prims/jni.cpp, line 616]
Event: 310.868 Thread 0x000001fc979c3800 Exception <a 'sun/nio/fs/WindowsException'{0x00000000f3ef41a0}> (0x00000000f3ef41a0) thrown at [./src/hotspot/share/prims/jni.cpp, line 616]
Event: 311.610 Thread 0x000001fc9ce13800 Exception <a 'sun/nio/fs/WindowsException'{0x00000000f4608230}> (0x00000000f4608230) thrown at [./src/hotspot/share/prims/jni.cpp, line 616]
Event: 315.005 Thread 0x000001fc979cc000 Exception <a 'sun/nio/fs/WindowsException'{0x00000000f3cdb5e0}> (0x00000000f3cdb5e0) thrown at [./src/hotspot/share/prims/jni.cpp, line 616]
Event: 315.118 Thread 0x000001fc95374800 Exception <a 'sun/nio/fs/WindowsException'{0x00000000f39ab430}> (0x00000000f39ab430) thrown at [./src/hotspot/share/prims/jni.cpp, line 616]
Event: 315.405 Thread 0x000001fc95374000 Exception <a 'sun/nio/fs/WindowsException'{0x00000000f4606230}> (0x00000000f4606230) thrown at [./src/hotspot/share/prims/jni.cpp, line 616]
Event: 315.512 Thread 0x000001fc95374000 Exception <a 'sun/nio/fs/WindowsException'{0x00000000f3cfd838}> (0x00000000f3cfd838) thrown at [./src/hotspot/share/prims/jni.cpp, line 616]
Event: 315.528 Thread 0x000001fc95374000 Exception <a 'sun/nio/fs/WindowsException'{0x00000000f3b8ad20}> (0x00000000f3b8ad20) thrown at [./src/hotspot/share/prims/jni.cpp, line 616]
Event: 315.602 Thread 0x000001fc95374000 Exception <a 'sun/nio/fs/WindowsException'{0x00000000f3846058}> (0x00000000f3846058) thrown at [./src/hotspot/share/prims/jni.cpp, line 616]

Events (20 events):
Event: 315.473 loading class com/android/tools/r8/dex/n
Event: 315.473 loading class com/android/tools/r8/dex/n done
Event: 315.473 loading class com/android/tools/r8/w/a/a/a/f/r
Event: 315.473 loading class com/android/tools/r8/w/a/a/a/f/r done
Event: 315.536 loading class com/android/tools/r8/graph/E1
Event: 315.536 loading class com/android/tools/r8/graph/E1 done
Event: 315.536 loading class com/android/tools/r8/dex/n
Event: 315.536 loading class com/android/tools/r8/dex/n done
Event: 316.506 Executing VM operation: G1CollectForAllocation
Event: 316.558 Executing VM operation: G1CollectForAllocation done
Event: 316.568 Executing VM operation: RevokeBias
Event: 316.568 Executing VM operation: RevokeBias done
Event: 316.568 Executing VM operation: RevokeBias
Event: 316.568 Executing VM operation: RevokeBias done
Event: 316.569 Executing VM operation: RevokeBias
Event: 316.569 Executing VM operation: RevokeBias done
Event: 316.569 Executing VM operation: RevokeBias
Event: 316.569 Executing VM operation: RevokeBias done
Event: 316.752 Executing VM operation: G1CollectForAllocation
Event: 316.778 Executing VM operation: G1CollectForAllocation done


Dynamic libraries:
0x00007ff6340e0000 - 0x00007ff6340ed000 	C:\Program Files\OpenJDK\openjdk-11.0.14.1_1\bin\java.exe
0x00007ff898a90000 - 0x00007ff898c85000 	C:\Windows\SYSTEM32\ntdll.dll
0x00007ff897420000 - 0x00007ff8974dd000 	C:\Windows\System32\KERNEL32.DLL
0x00007ff896330000 - 0x00007ff8965fd000 	C:\Windows\System32\KERNELBASE.dll
0x00007ff896600000 - 0x00007ff896700000 	C:\Windows\System32\ucrtbase.dll
0x00007ff890be0000 - 0x00007ff890bf5000 	C:\Program Files\OpenJDK\openjdk-11.0.14.1_1\bin\VCRUNTIME140.dll
0x00007ff890d00000 - 0x00007ff890d17000 	C:\Program Files\OpenJDK\openjdk-11.0.14.1_1\bin\jli.dll
0x00007ff896eb0000 - 0x00007ff897050000 	C:\Windows\System32\USER32.dll
0x00007ff896300000 - 0x00007ff896322000 	C:\Windows\System32\win32u.dll
0x00007ff88fa20000 - 0x00007ff88fcba000 	C:\Windows\WinSxS\amd64_microsoft.windows.common-controls_6595b64144ccf1df_6.0.19041.1110_none_60b5254171f9507e\COMCTL32.dll
0x00007ff897260000 - 0x00007ff89728a000 	C:\Windows\System32\GDI32.dll
0x00007ff896930000 - 0x00007ff896a3b000 	C:\Windows\System32\gdi32full.dll
0x00007ff898050000 - 0x00007ff8980ee000 	C:\Windows\System32\msvcrt.dll
0x00007ff896a40000 - 0x00007ff896add000 	C:\Windows\System32\msvcp_win.dll
0x00007ff898840000 - 0x00007ff898870000 	C:\Windows\System32\IMM32.DLL
0x00007ff86c410000 - 0x00007ff86c4ab000 	C:\Program Files\OpenJDK\openjdk-11.0.14.1_1\bin\msvcp140.dll
0x00007ff8560c0000 - 0x00007ff856bcd000 	C:\Program Files\OpenJDK\openjdk-11.0.14.1_1\bin\server\jvm.dll
0x00007ff897360000 - 0x00007ff89740e000 	C:\Windows\System32\ADVAPI32.dll
0x00007ff896c30000 - 0x00007ff896ccc000 	C:\Windows\System32\sechost.dll
0x00007ff897da0000 - 0x00007ff897ec5000 	C:\Windows\System32\RPCRT4.dll
0x00007ff897410000 - 0x00007ff897418000 	C:\Windows\System32\PSAPI.DLL
0x00007ff893410000 - 0x00007ff893419000 	C:\Windows\SYSTEM32\WSOCK32.dll
0x00007ff8974e0000 - 0x00007ff89754b000 	C:\Windows\System32\WS2_32.dll
0x00007ff890d90000 - 0x00007ff890db7000 	C:\Windows\SYSTEM32\WINMM.dll
0x00007ff88ea10000 - 0x00007ff88ea1a000 	C:\Windows\SYSTEM32\VERSION.dll
0x00007ff8940a0000 - 0x00007ff8940b2000 	C:\Windows\SYSTEM32\kernel.appcore.dll
0x00007ff8933b0000 - 0x00007ff8933c0000 	C:\Program Files\OpenJDK\openjdk-11.0.14.1_1\bin\verify.dll
0x00007ff88ec00000 - 0x00007ff88ede4000 	C:\Windows\SYSTEM32\DBGHELP.DLL
0x00007ff887f60000 - 0x00007ff887f8c000 	C:\Windows\SYSTEM32\dbgcore.DLL
0x00007ff896700000 - 0x00007ff896782000 	C:\Windows\System32\bcryptPrimitives.dll
0x00007ff88e7e0000 - 0x00007ff88e808000 	C:\Program Files\OpenJDK\openjdk-11.0.14.1_1\bin\java.dll
0x00007ff890fc0000 - 0x00007ff890fca000 	C:\Program Files\OpenJDK\openjdk-11.0.14.1_1\bin\jimage.dll
0x00007ff88fe80000 - 0x00007ff88fe98000 	C:\Program Files\OpenJDK\openjdk-11.0.14.1_1\bin\zip.dll
0x00007ff8980f0000 - 0x00007ff898834000 	C:\Windows\System32\SHELL32.dll
0x00007ff8942a0000 - 0x00007ff894a34000 	C:\Windows\SYSTEM32\windows.storage.dll
0x00007ff8979d0000 - 0x00007ff897d24000 	C:\Windows\System32\combase.dll
0x00007ff895c00000 - 0x00007ff895c2c000 	C:\Windows\SYSTEM32\Wldp.dll
0x00007ff8989a0000 - 0x00007ff898a4d000 	C:\Windows\System32\SHCORE.dll
0x00007ff897050000 - 0x00007ff8970a5000 	C:\Windows\System32\shlwapi.dll
0x00007ff8960e0000 - 0x00007ff8960ff000 	C:\Windows\SYSTEM32\profapi.dll
0x00007ff888690000 - 0x00007ff8886a9000 	C:\Program Files\OpenJDK\openjdk-11.0.14.1_1\bin\net.dll
0x00007ff889180000 - 0x00007ff88928a000 	C:\Windows\SYSTEM32\WINHTTP.dll
0x00007ff895960000 - 0x00007ff8959ca000 	C:\Windows\system32\mswsock.dll
0x00007ff888670000 - 0x00007ff888683000 	C:\Program Files\OpenJDK\openjdk-11.0.14.1_1\bin\nio.dll
0x00007ff882920000 - 0x00007ff882947000 	C:\Users\imada\.gradle\native\49d0259a56938c7f99b2704e745ce422c4f750a7a20b539a32ccef96729676b1\windows-amd64\native-platform.dll
0x00007ff860070000 - 0x00007ff860206000 	C:\Users\imada\.gradle\native\12488b8bf47d2d4c9fbf2f6322a914ad602e24e48041cd04a747c6da556b65c4\windows-amd64\native-platform-file-events.dll
0x00007ff890cf0000 - 0x00007ff890cf9000 	C:\Program Files\OpenJDK\openjdk-11.0.14.1_1\bin\management.dll
0x00007ff890bd0000 - 0x00007ff890bdb000 	C:\Program Files\OpenJDK\openjdk-11.0.14.1_1\bin\management_ext.dll
0x00007ff895b50000 - 0x00007ff895b68000 	C:\Windows\SYSTEM32\CRYPTSP.dll
0x00007ff895270000 - 0x00007ff8952a4000 	C:\Windows\system32\rsaenh.dll
0x00007ff896790000 - 0x00007ff8967b7000 	C:\Windows\System32\bcrypt.dll
0x00007ff896060000 - 0x00007ff89608e000 	C:\Windows\SYSTEM32\USERENV.dll
0x00007ff895b70000 - 0x00007ff895b7c000 	C:\Windows\SYSTEM32\CRYPTBASE.dll
0x00007ff895600000 - 0x00007ff89563b000 	C:\Windows\SYSTEM32\IPHLPAPI.DLL
0x00007ff896e10000 - 0x00007ff896e18000 	C:\Windows\System32\NSI.dll
0x00007ff88dc40000 - 0x00007ff88dc57000 	C:\Windows\SYSTEM32\dhcpcsvc6.DLL
0x00007ff88dde0000 - 0x00007ff88ddfd000 	C:\Windows\SYSTEM32\dhcpcsvc.DLL
0x00007ff895650000 - 0x00007ff89571b000 	C:\Windows\SYSTEM32\DNSAPI.dll
0x00007ff894ea0000 - 0x00007ff894ed3000 	C:\Windows\SYSTEM32\ntmarta.dll
0x00007ff88fcc0000 - 0x00007ff88fcce000 	C:\Program Files\OpenJDK\openjdk-11.0.14.1_1\bin\sunmscapi.dll
0x00007ff8961a0000 - 0x00007ff8962f6000 	C:\Windows\System32\CRYPT32.dll
0x00007ff895c70000 - 0x00007ff895c97000 	C:\Windows\SYSTEM32\ncrypt.dll
0x00007ff895c30000 - 0x00007ff895c6b000 	C:\Windows\SYSTEM32\NTASN1.dll
0x00007ff8828f0000 - 0x00007ff882915000 	C:\Program Files\OpenJDK\openjdk-11.0.14.1_1\bin\sunec.dll
0x00007ff888a30000 - 0x00007ff888a3a000 	C:\Windows\System32\rasadhlp.dll
0x00007ff889100000 - 0x00007ff889180000 	C:\Windows\System32\fwpuclnt.dll
0x00007ff88e810000 - 0x00007ff88e82e000 	C:\Users\imada\AppData\Local\Temp\native-platform8936545907310196925dir\native-platform.dll
0x00007ff88fa10000 - 0x00007ff88fa17000 	C:\Program Files\OpenJDK\openjdk-11.0.14.1_1\bin\rmi.dll

dbghelp: loaded successfully - version: 4.0.5 - missing functions: none
symbol engine: initialized successfully - sym options: 0x614 - pdb path: .;C:\Program Files\OpenJDK\openjdk-11.0.14.1_1\bin;C:\Windows\SYSTEM32;C:\Windows\WinSxS\amd64_microsoft.windows.common-controls_6595b64144ccf1df_6.0.19041.1110_none_60b5254171f9507e;C:\Program Files\OpenJDK\openjdk-11.0.14.1_1\bin\server;C:\Users\imada\.gradle\native\49d0259a56938c7f99b2704e745ce422c4f750a7a20b539a32ccef96729676b1\windows-amd64;C:\Users\imada\.gradle\native\12488b8bf47d2d4c9fbf2f6322a914ad602e24e48041cd04a747c6da556b65c4\windows-amd64;C:\Users\imada\AppData\Local\Temp\native-platform8936545907310196925dir

VM Arguments:
jvm_args: --add-opens=java.base/java.util=ALL-UNNAMED --add-opens=java.base/java.lang=ALL-UNNAMED --add-opens=java.base/java.lang.invoke=ALL-UNNAMED --add-opens=java.prefs/java.util.prefs=ALL-UNNAMED -XX:MaxMetaspaceSize=256m -XX:+HeapDumpOnOutOfMemoryError -Xms256m -Xmx512m -Dfile.encoding=windows-1252 -Duser.country=US -Duser.language=en -Duser.variant 
java_command: org.gradle.launcher.daemon.bootstrap.GradleDaemon 6.9
java_class_path (initial): C:\Users\imada\.gradle\wrapper\dists\gradle-6.9-all\dooywd8nv05k16orzxge2b1bs\gradle-6.9\lib\gradle-launcher-6.9.jar
Launcher Type: SUN_STANDARD

[Global flags]
     intx CICompilerCount                          = 3                                         {product} {ergonomic}
   size_t CompressedClassSpaceSize                 = 260046848                                 {product} {ergonomic}
     uint ConcGCThreads                            = 1                                         {product} {ergonomic}
     uint G1ConcRefinementThreads                  = 4                                         {product} {ergonomic}
   size_t G1HeapRegionSize                         = 1048576                                   {product} {ergonomic}
    uintx GCDrainStackTargetSize                   = 64                                        {product} {ergonomic}
     bool HeapDumpOnOutOfMemoryError               = true                                   {manageable} {command line}
   size_t InitialHeapSize                          = 268435456                                 {product} {command line}
   size_t MarkStackSize                            = 4194304                                   {product} {ergonomic}
   size_t MaxHeapSize                              = 536870912                                 {product} {command line}
   size_t MaxMetaspaceSize                         = 268435456                                 {product} {command line}
   size_t MaxNewSize                               = 321912832                                 {product} {ergonomic}
   size_t MinHeapDeltaBytes                        = 1048576                                   {product} {ergonomic}
    uintx NonNMethodCodeHeapSize                   = 5830732                                {pd product} {ergonomic}
    uintx NonProfiledCodeHeapSize                  = 122913754                              {pd product} {ergonomic}
    uintx ProfiledCodeHeapSize                     = 122913754                              {pd product} {ergonomic}
    uintx ReservedCodeCacheSize                    = 251658240                              {pd product} {ergonomic}
     bool SegmentedCodeCache                       = true                                      {product} {ergonomic}
     bool UseCompressedClassPointers               = true                                 {lp64_product} {ergonomic}
     bool UseCompressedOops                        = true                                 {lp64_product} {ergonomic}
     bool UseG1GC                                  = true                                      {product} {ergonomic}
     bool UseLargePagesIndividualAllocation        = false                                  {pd product} {ergonomic}

Logging:
Log output configuration:
 #0: stdout all=warning uptime,level,tags
 #1: stderr all=off uptime,level,tags

Environment Variables:
JAVA_HOME=C:\Program Files\OpenJDK\openjdk-11.0.14.1_1
CLASSPATH=C:\Users\imada\Desktop\wiggle\wiggle-main\android\\gradle\wrapper\gradle-wrapper.jar
PATH=C:\Users\imada\Desktop\wiggle\wiggle-main\android\node_modules\.bin;C:\Users\imada\Desktop\wiggle\wiggle-main\node_modules\.bin;C:\Users\imada\Desktop\wiggle\node_modules\.bin;C:\Users\imada\Desktop\node_modules\.bin;C:\Users\imada\node_modules\.bin;C:\Users\node_modules\.bin;C:\node_modules\.bin;C:\Program Files (x86)\nodejs;C:\Users\imada\AppData\Local\Temp\yarn--1652009334217-0.7649742771700847;C:\Users\imada\Desktop\wiggle\wiggle-main\node_modules\.bin;C:\Users\imada\AppData\Local\Yarn\Data\link\node_modules\.bin;C:\Users\imada\AppData\Local\Yarn\bin;C:\Program Files (x86)\libexec\lib\node_modules\npm\bin\node-gyp-bin;C:\Program Files (x86)\lib\node_modules\npm\bin\node-gyp-bin;C:\Program Files (x86)\nodejs\node_modules\npm\bin\node-gyp-bin;C:\ProgramData\Oracle\Java\javapath;C:\Windows\system32;C:\Windows;C:\Windows\System32\Wbem;C:\Windows\System32\WindowsPowerShell\v1.0\;C:\Windows\System32\OpenSSH\;C:\Program Files (x86)\nodejs\;C:\ProgramData\chocolatey\bin;C:\Program Files\Git\cmd;C:\Program Files\OpenJDK\openjdk-11.0.14.1_1\bin;C:\Users\imada\AppData\Local\Android\Sdk\emulator;C:\Users\imada\AppData\Local\Android\Sdk\tools;C:\Users\imada\Pictures\dex2jar-2.0;C:\Users\imada\AppData\Local\Programs\Python\Python310;C:\Users\imada\AppData\Local\Programs\Python\Python310;C:\Users\imada\scoop\shims;C:\Users\imada\AppData\Local\Microsoft\WindowsApps;C:\Users\imada\AppData\Roaming\npm;C:\Users\imada\AppData\Local\Programs\Microsoft VS Code\bin;C:\Users\imada\AppData\Local\flutter\bin;C:\Program Files\cmdline-tools\bin;C:\Users\imada\AppData\Local\Android\Sdk\tools
USERNAME=imada
OS=Windows_NT
PROCESSOR_IDENTIFIER=Intel64 Family 6 Model 60 Stepping 3, GenuineIntel



---------------  S Y S T E M  ---------------

OS: Windows 10 , 64 bit Build 19041 (10.0.19041.1679)
OS uptime: 3 days 4:40 hours

CPU:total 4 (initial active 4) (2 cores per cpu, 2 threads per core) family 6 model 60 stepping 3 microcode 0x27, cmov, cx8, fxsr, mmx, sse, sse2, sse3, ssse3, sse4.1, sse4.2, popcnt, avx, avx2, aes, clmul, erms, lzcnt, ht, tsc, tscinvbit, bmi1, bmi2, fma

Memory: 4k page, system-wide physical 8108M (1372M free)
TotalPageFile size 13249M (AvailPageFile size 4689M)
current process WorkingSet (physical memory assigned to process): 797M, peak: 799M
current process commit charge ("private bytes"): 840M, peak: 842M

vm_info: OpenJDK 64-Bit Server VM (11.0.14.1+1) for windows-amd64 JRE (11.0.14.1+1), built on Feb  9 2022 18:53:32 by "" with unknown MS VC++:1916

END.
